#
# There is insufficient memory for the Java Runtime Environment to continue.
# Native memory allocation (malloc) failed to allocate 32744 bytes for ChunkPool::allocate
# Possible reasons:
#   The system is out of physical RAM or swap space
#   In 32 bit mode, the process size limit was hit
# Possible solutions:
#   Reduce memory load on the system
#   Increase physical memory or swap space
#   Check if swap backing store is full
#   Use 64 bit Java on a 64 bit OS
#   Decrease Java heap size (-Xmx/-Xms)
#   Decrease number of Java threads
#   Decrease Java thread stack sizes (-Xss)
#   Set larger code cache with -XX:ReservedCodeCacheSize=
# This output file may be truncated or incomplete.
#
#  Out of Memory Error (allocation.cpp:273), pid=21204, tid=18576
#
# JRE version: Java(TM) SE Runtime Environment (8.0_77-b03) (build 1.8.0_77-b03)
# Java VM: Java HotSpot(TM) 64-Bit Server VM (25.77-b03 mixed mode windows-amd64 compressed oops)
# Failed to write core dump. Minidumps are not enabled by default on client versions of Windows
#

---------------  T H R E A D  ---------------

Current thread (0x0000000056359000):  JavaThread "C2 CompilerThread1" daemon [_thread_in_native, id=18576, stack(0x0000000056ba0000,0x0000000056ca0000)]

Stack: [0x0000000056ba0000,0x0000000056ca0000]
[error occurred during error reporting (printing stack bounds), id 0xc0000005]

Native frames: (J=compiled Java code, j=interpreted, Vv=VM code, C=native code)


Current CompileTask:
C2:  13790  522       4       java.util.ArrayList::add (29 bytes)


---------------  P R O C E S S  ---------------

Java Threads: ( => current thread )
  0x0000000056547000 JavaThread "pool-1-thread-4" [_thread_in_Java, id=20812, stack(0x0000000056ee0000,0x0000000056fe0000)]
  0x0000000056546800 JavaThread "pool-1-thread-3" [_thread_in_Java, id=15564, stack(0x0000000057520000,0x0000000057620000)]
  0x000000005654b800 JavaThread "pool-1-thread-2" [_thread_in_Java, id=16608, stack(0x00000000573a0000,0x00000000574a0000)]
  0x0000000056544800 JavaThread "pool-2-thread-1" [_thread_blocked, id=14752, stack(0x00000000571b0000,0x00000000572b0000)]
  0x0000000056543800 JavaThread "pool-1-thread-1" [_thread_in_Java, id=20580, stack(0x0000000057060000,0x0000000057160000)]
  0x0000000056389800 JavaThread "Service Thread" daemon [_thread_blocked, id=11968, stack(0x0000000056cd0000,0x0000000056dd0000)]
  0x000000005636c000 JavaThread "C1 CompilerThread2" daemon [_thread_in_native, id=15420, stack(0x0000000056760000,0x0000000056860000)]
=>0x0000000056359000 JavaThread "C2 CompilerThread1" daemon [_thread_in_native, id=18576, stack(0x0000000056ba0000,0x0000000056ca0000)]
  0x0000000056314000 JavaThread "C2 CompilerThread0" daemon [_thread_blocked, id=17320, stack(0x0000000056990000,0x0000000056a90000)]
  0x0000000056311000 JavaThread "Attach Listener" daemon [_thread_blocked, id=18196, stack(0x0000000056a90000,0x0000000056b90000)]
  0x0000000056310800 JavaThread "Signal Dispatcher" daemon [_thread_blocked, id=18408, stack(0x0000000056870000,0x0000000056970000)]
  0x00000000550af000 JavaThread "Finalizer" daemon [_thread_blocked, id=20148, stack(0x0000000056210000,0x0000000056310000)]
  0x0000000055066000 JavaThread "Reference Handler" daemon [_thread_blocked, id=14292, stack(0x00000000560a0000,0x00000000561a0000)]
  0x000000000227e800 JavaThread "main" [_thread_blocked, id=16820, stack(0x0000000002460000,0x0000000002560000)]

Other Threads:
  0x000000005505f000 VMThread [stack: 0x0000000055ea0000,0x0000000055fa0000] [id=19676]
  0x00000000563d3800 WatcherThread [stack: 0x0000000056dd0000,0x0000000056ed0000] [id=20732]

VM state:not at safepoint (normal execution)

VM Mutex/Monitor currently owned by a thread: None

Heap:
 PSYoungGen      total 18944K, used 11254K [0x00000000eab00000, 0x00000000ec000000, 0x0000000100000000)
  eden space 16384K, 68% used [0x00000000eab00000,0x00000000eb5fdbc8,0x00000000ebb00000)
  from space 2560K, 0% used [0x00000000ebd80000,0x00000000ebd80000,0x00000000ec000000)
  to   space 2560K, 0% used [0x00000000ebb00000,0x00000000ebb00000,0x00000000ebd80000)
 ParOldGen       total 44032K, used 0K [0x00000000c0000000, 0x00000000c2b00000, 0x00000000eab00000)
  object space 44032K, 0% used [0x00000000c0000000,0x00000000c0000000,0x00000000c2b00000)
 Metaspace       used 5565K, capacity 6576K, committed 6784K, reserved 1056768K
  class space    used 598K, capacity 616K, committed 640K, reserved 1048576K

Card table byte_map: [0x0000000011bf0000,0x0000000011e00000] byte_map_base: 0x00000000115f0000

Marking Bits: (ParMarkBitMap*) 0x0000000068f70600
 Begin Bits: [0x00000000124d0000, 0x00000000134d0000)
 End Bits:   [0x00000000134d0000, 0x00000000144d0000)

Polling page: 0x0000000000240000

CodeCache: size=245760Kb used=2136Kb max_used=2147Kb free=243623Kb
 bounds [0x0000000002830000, 0x0000000002aa0000, 0x0000000011830000]
 total_blobs=773 nmethods=506 adapters=181
 compilation: enabled

Compilation events (10 events):
Event: 13.772 Thread 0x0000000056314000  511       4       com.android.dx.util.Bits::set (19 bytes)
Event: 13.772 Thread 0x000000005636c000 nmethod 502 0x0000000002a45790 code [0x0000000002a459e0, 0x0000000002a46948]
Event: 13.772 Thread 0x000000005636c000  508       1       com.android.dx.ssa.SsaMethod::access$100 (5 bytes)
Event: 13.773 Thread 0x000000005636c000 nmethod 508 0x0000000002a3bfd0 code [0x0000000002a3c120, 0x0000000002a3c210]
Event: 13.773 Thread 0x000000005636c000  510   !   3       com.android.dx.cf.code.BytecodeArray::parseInstruction (2796 bytes)
Event: 13.773 Thread 0x0000000056314000 nmethod 511 0x0000000002a45510 code [0x0000000002a45640, 0x0000000002a456d8]
Event: 13.775 Thread 0x0000000056359000  520   !   4       com.android.dx.util.IntList::get (36 bytes)
Event: 13.776 Thread 0x0000000056359000 nmethod 520 0x0000000002a45250 code [0x0000000002a45380, 0x0000000002a45418]
Event: 13.776 Thread 0x0000000056359000  522       4       java.util.ArrayList::add (29 bytes)
Event: 13.779 Thread 0x0000000056314000  525       4       java.util.BitSet::nextSetBit (102 bytes)

GC Heap History (0 events):
No events

Deoptimization events (1 events):
Event: 13.774 Thread 0x000000005654b800 Uncommon trap: reason=unstable_if action=reinterpret pc=0x0000000002a3f3f4 method=java.util.HashMap.getNode(ILjava/lang/Object;)Ljava/util/HashMap$Node; @ 62

Internal exceptions (2 events):
Event: 0.142 Thread 0x000000000227e800 Exception <a 'java/lang/NoSuchMethodError': Method sun.misc.Unsafe.defineClass(Ljava/lang/String;[BII)Ljava/lang/Class; name or signature does not match> (0x00000000eab07cc0) thrown at [D:\re\workspace\8-2-build-windows-amd64-cygwin\jdk8u77\6540\hotspot\sr6"šª4Â?
Event: 0.142 Thread 0x000000000227e800 Exception <a 'java/lang/NoSuchMethodError': Method sun.misc.Unsafe.prefetchRead(Ljava/lang/Object;J)V name or signature does not match> (0x00000000eab07fa8) thrown at [D:\re\workspace\8-2-build-windows-amd64-cygwin\jdk8u77\6540\hotspot\src\share\vm\prims\j

Events (10 events):
Event: 13.768 loading class com/android/dx/cf/code/Ropper$ExceptionHandlerSetup done
Event: 13.774 loading class java/util/HashMap$Values
Event: 13.774 loading class java/util/HashMap$Values done
Event: 13.774 loading class java/util/HashMap$ValueIterator
Event: 13.774 loading class java/util/HashMap$ValueIterator done
Event: 13.774 Thread 0x000000005654b800 Uncommon trap: trap_request=0xffffff65 fr.pc=0x0000000002a3f3f4
Event: 13.774 Thread 0x000000005654b800 DEOPT PACKING pc=0x0000000002a3f3f4 sp=0x000000005749e7d0
Event: 13.774 Thread 0x000000005654b800 DEOPT UNPACKING pc=0x000000000287582a sp=0x000000005749e748 mode 2
Event: 13.777 loading class com/android/dx/ssa/back/FirstFitLocalCombiningAllocator$Multiset
Event: 13.777 loading class com/android/dx/ssa/back/FirstFitLocalCombiningAllocator$Multiset done


Dynamic libraries:
0x000000013fa20000 - 0x000000013fa57000 	C:\Program Files\Java\jdk1.8.0_77\bin\java.exe
0x0000000077bc0000 - 0x0000000077d6a000 	C:\Windows\SYSTEM32\ntdll.dll
0x00000000779a0000 - 0x0000000077abf000 	C:\Windows\system32\kernel32.dll
0x000007fefda60000 - 0x000007fefdaca000 	C:\Windows\system32\KERNELBASE.dll
0x000007feff710000 - 0x000007feff7eb000 	C:\Windows\system32\ADVAPI32.dll
0x000007fefefe0000 - 0x000007feff07f000 	C:\Windows\system32\msvcrt.dll
0x000007feff080000 - 0x000007feff09f000 	C:\Windows\SYSTEM32\sechost.dll
0x000007feff7f0000 - 0x000007feff91d000 	C:\Windows\system32\RPCRT4.dll
0x0000000077ac0000 - 0x0000000077bba000 	C:\Windows\system32\USER32.dll
0x000007feffe00000 - 0x000007feffe67000 	C:\Windows\system32\GDI32.dll
0x000007feff0a0000 - 0x000007feff0ae000 	C:\Windows\system32\LPK.dll
0x000007feffbf0000 - 0x000007feffcba000 	C:\Windows\system32\USP10.dll
0x000007fefc080000 - 0x000007fefc274000 	C:\Windows\WinSxS\amd64_microsoft.windows.common-controls_6595b64144ccf1df_6.0.7601.18837_none_fa3b1e3d17594757\COMCTL32.dll
0x000007feff690000 - 0x000007feff701000 	C:\Windows\system32\SHLWAPI.dll
0x000007feffdd0000 - 0x000007feffdfe000 	C:\Windows\system32\IMM32.DLL
0x000007feffcc0000 - 0x000007feffdc9000 	C:\Windows\system32\MSCTF.dll
0x000000006b2b0000 - 0x000000006b382000 	C:\Program Files\Java\jdk1.8.0_77\jre\bin\msvcr100.dll
0x0000000068760000 - 0x0000000068ff0000 	C:\Program Files\Java\jdk1.8.0_77\jre\bin\server\jvm.dll
0x000007fef27c0000 - 0x000007fef27c9000 	C:\Windows\system32\WSOCK32.dll
0x000007fefdc60000 - 0x000007fefdcad000 	C:\Windows\system32\WS2_32.dll
0x000007feff680000 - 0x000007feff688000 	C:\Windows\system32\NSI.dll
0x000007fefb820000 - 0x000007fefb85b000 	C:\Windows\system32\WINMM.dll
0x000007fefc970000 - 0x000007fefc97c000 	C:\Windows\system32\VERSION.dll
0x0000000077d80000 - 0x0000000077d87000 	C:\Windows\system32\PSAPI.DLL
0x00000000749c0000 - 0x00000000749cf000 	C:\Program Files\Java\jdk1.8.0_77\jre\bin\verify.dll
0x000000006ccd0000 - 0x000000006ccf9000 	C:\Program Files\Java\jdk1.8.0_77\jre\bin\java.dll
0x00000000746e0000 - 0x00000000746f6000 	C:\Program Files\Java\jdk1.8.0_77\jre\bin\zip.dll
0x000007fefdd30000 - 0x000007fefeab9000 	C:\Windows\system32\SHELL32.dll
0x000007fefeac0000 - 0x000007fefecc3000 	C:\Windows\system32\ole32.dll
0x000007fefd8a0000 - 0x000007fefd8af000 	C:\Windows\system32\profapi.dll

VM Arguments:
jvm_args: -Djava.awt.headless=true -Xmx1024M -Dfile.encoding=windows-1256 -Duser.country=US -Duser.language=en -Duser.variant 
java_command: com.android.dx.command.Main --dex --num-threads=4 --output C:\Users\AL-Motahida\Downloads\Compressed\and-nd-firebase-1.00-starting-point\app\build\intermediates\transforms\preDex\release\5.jar --min-sdk-version 16 C:\Users\AL-Motahida\.gradle\caches\transforms-1\files-1.1\firebase-ui-database-3.3.0.aar\c59011de42632a7ed0574ee504f8cf48\jars\classes.jar
java_class_path (initial): D:\sdk\build-tools\27.0.3\lib\dx.jar
Launcher Type: SUN_STANDARD

Environment Variables:
PATH=C:\Ruby22-x64\bin;D:\oracal\OracleXE112_Win32\DISK1\setupFolder\app\oracle\product\11.2.0\server\bin;C:\ProgramData\Oracle\Java\javapath;C:\Windows\system32;C:\Windows;C:\Windows\System32\Wbem;C:\Windows\System32\WindowsPowerShell\v1.0\;C:\Program Files\Microsoft SQL Server\110\Tools\Binn\;C:\Program Files\Git\cmd
USERNAME=AL-Motahida
OS=Windows_NT
PROCESSOR_IDENTIFIER=Intel64 Family 6 Model 37 Stepping 5, GenuineIntel



---------------  S Y S T E M  ---------------

OS: Windows 7 , 64 bit Build 7601 (6.1.7601.23677)

CPU:total 4 (2 cores per cpu, 2 threads per core) family 6 model 37 stepping 5, cmov, cx8, fxsr, mmx, sse, sse2, sse3, ssse3, sse4.1, sse4.2, popcnt, aes, clmul, ht, tsc, tscinvbit

Memory: 4k page, physical 4118384k(473124k free), swap 16471676k(4068k free)

vm_info: Java HotSpot(TM) 64-Bit Server VM (25.77-b03) for windows-amd64 JRE (1.8.0_77-b03), built on Mar 20 2016 22:01:33 by "java_re" with MS VC++ 10.0 (VS2010)

time: Thu Jun 21 19:39:58 2018
elapsed time: 13 seconds (0d 0h 0m 13s)

