#
# There is insufficient memory for the Java Runtime Environment to continue.
# Native memory allocation (malloc) failed to allocate 1330576 bytes for Chunk::new
# Possible reasons:
#   The system is out of physical RAM or swap space
#   In 32 bit mode, the process size limit was hit
# Possible solutions:
#   Reduce memory load on the system
#   Increase physical memory or swap space
#   Check if swap backing store is full
#   Use 64 bit Java on a 64 bit OS
#   Decrease Java heap size (-Xmx/-Xms)
#   Decrease number of Java threads
#   Decrease Java thread stack sizes (-Xss)
#   Set larger code cache with -XX:ReservedCodeCacheSize=
# This output file may be truncated or incomplete.
#
#  Out of Memory Error (allocation.cpp:390), pid=16532, tid=19988
#
# JRE version: Java(TM) SE Runtime Environment (8.0_77-b03) (build 1.8.0_77-b03)
# Java VM: Java HotSpot(TM) 64-Bit Server VM (25.77-b03 mixed mode windows-amd64 compressed oops)
# Failed to write core dump. Minidumps are not enabled by default on client versions of Windows
#

---------------  T H R E A D  ---------------

Current thread (0x0000000056635800):  JavaThread "C2 CompilerThread0" daemon [_thread_in_native, id=19988, stack(0x0000000056ae0000,0x0000000056be0000)]

Stack: [0x0000000056ae0000,0x0000000056be0000]
[error occurred during error reporting (printing stack bounds), id 0xc0000005]

Native frames: (J=compiled Java code, j=interpreted, Vv=VM code, C=native code)


Current CompileTask:
C2:   2763 1262   !   4       com.android.dx.cf.code.BytecodeArray::parseInstruction (2796 bytes)


---------------  P R O C E S S  ---------------

Java Threads: ( => current thread )
  0x00000000569e0000 JavaThread "pool-1-thread-4" [_thread_blocked, id=19868, stack(0x0000000057980000,0x0000000057a80000)]
  0x000000005688c000 JavaThread "pool-1-thread-3" [_thread_blocked, id=17396, stack(0x0000000056ed0000,0x0000000056fd0000)]
  0x000000005688a800 JavaThread "pool-1-thread-2" [_thread_blocked, id=21392, stack(0x00000000577c0000,0x00000000578c0000)]
  0x0000000056890000 JavaThread "pool-2-thread-1" [_thread_blocked, id=17880, stack(0x0000000057630000,0x0000000057730000)]
  0x000000005687e000 JavaThread "pool-1-thread-1" [_thread_blocked, id=18836, stack(0x0000000057450000,0x0000000057550000)]
  0x000000005514f000 JavaThread "Service Thread" daemon [_thread_blocked, id=18044, stack(0x0000000057070000,0x0000000057170000)]
  0x000000005663a800 JavaThread "C1 CompilerThread2" daemon [_thread_blocked, id=18944, stack(0x0000000056dc0000,0x0000000056ec0000)]
  0x0000000056639800 JavaThread "C2 CompilerThread1" daemon [_thread_blocked, id=20564, stack(0x0000000056c70000,0x0000000056d70000)]
=>0x0000000056635800 JavaThread "C2 CompilerThread0" daemon [_thread_in_native, id=19988, stack(0x0000000056ae0000,0x0000000056be0000)]
  0x0000000056632800 JavaThread "Attach Listener" daemon [_thread_blocked, id=22204, stack(0x00000000562e0000,0x00000000563e0000)]
  0x000000005513c000 JavaThread "Signal Dispatcher" daemon [_thread_blocked, id=3620, stack(0x0000000056040000,0x0000000056140000)]
  0x0000000055129800 JavaThread "Finalizer" daemon [_thread_blocked, id=12576, stack(0x0000000056530000,0x0000000056630000)]
  0x00000000550e2800 JavaThread "Reference Handler" daemon [_thread_blocked, id=13672, stack(0x00000000563e0000,0x00000000564e0000)]
  0x000000000229e800 JavaThread "main" [_thread_blocked, id=15056, stack(0x00000000023a0000,0x00000000024a0000)]

Other Threads:
  0x00000000550db000 VMThread [stack: 0x00000000561d0000,0x00000000562d0000] [id=22296]
  0x00000000566df000 WatcherThread [stack: 0x00000000572a0000,0x00000000573a0000] [id=17092]

VM state:not at safepoint (normal execution)

VM Mutex/Monitor currently owned by a thread: None

Heap:
 PSYoungGen      total 18944K, used 11844K [0x00000000eab00000, 0x00000000ec000000, 0x0000000100000000)
  eden space 16384K, 56% used [0x00000000eab00000,0x00000000eb4174c0,0x00000000ebb00000)
  from space 2560K, 99% used [0x00000000ebb00000,0x00000000ebd79cc8,0x00000000ebd80000)
  to   space 2560K, 0% used [0x00000000ebd80000,0x00000000ebd80000,0x00000000ec000000)
 ParOldGen       total 44032K, used 1708K [0x00000000c0000000, 0x00000000c2b00000, 0x00000000eab00000)
  object space 44032K, 3% used [0x00000000c0000000,0x00000000c01ab110,0x00000000c2b00000)
 Metaspace       used 6046K, capacity 7024K, committed 7296K, reserved 1056768K
  class space    used 600K, capacity 616K, committed 640K, reserved 1048576K

Card table byte_map: [0x0000000011b30000,0x0000000011d40000] byte_map_base: 0x0000000011530000

Marking Bits: (ParMarkBitMap*) 0x0000000068f70600
 Begin Bits: [0x0000000012550000, 0x0000000013550000)
 End Bits:   [0x0000000013550000, 0x0000000014550000)

Polling page: 0x0000000000350000

CodeCache: size=245760Kb used=5011Kb max_used=5023Kb free=240748Kb
 bounds [0x0000000002770000, 0x0000000002c60000, 0x0000000011770000]
 total_blobs=1519 nmethods=1252 adapters=181
 compilation: enabled

Compilation events (10 events):
Event: 2.714 Thread 0x0000000056639800 nmethod 1261 0x0000000002c571d0 code [0x0000000002c57360, 0x0000000002c57ba8]
Event: 2.715 Thread 0x0000000056635800 1262   !   4       com.android.dx.cf.code.BytecodeArray::parseInstruction (2796 bytes)
Event: 2.715 Thread 0x000000005663a800 1263       3       com.android.dx.rop.cst.CstInteger::make (47 bytes)
Event: 2.716 Thread 0x000000005663a800 nmethod 1263 0x0000000002c56550 code [0x0000000002c56700, 0x0000000002c56e30]
Event: 2.718 Thread 0x000000005663a800 1264       3       com.android.dx.ssa.back.FirstFitLocalCombiningAllocator::handleNormalUnassociated (99 bytes)
Event: 2.719 Thread 0x000000005663a800 nmethod 1264 0x0000000002c54490 code [0x0000000002c54740, 0x0000000002c55ab8]
Event: 2.719 Thread 0x000000005663a800 1265       3       com.android.dx.rop.code.LocalVariableInfo::addAssignment (43 bytes)
Event: 2.720 Thread 0x000000005663a800 nmethod 1265 0x0000000002c58350 code [0x0000000002c58520, 0x0000000002c58b18]
Event: 2.738 Thread 0x0000000056639800 1266       4       com.android.dx.ssa.SsaMethod::bitSetFromLabelList (47 bytes)
Event: 2.748 Thread 0x0000000056639800 nmethod 1266 0x0000000002c5be10 code [0x0000000002c5bf80, 0x0000000002c5c408]

GC Heap History (2 events):
Event: 1.829 GC heap before
{Heap before GC invocations=1 (full 0):
 PSYoungGen      total 18944K, used 16384K [0x00000000eab00000, 0x00000000ec000000, 0x0000000100000000)
  eden space 16384K, 100% used [0x00000000eab00000,0x00000000ebb00000,0x00000000ebb00000)
  from space 2560K, 0% used [0x00000000ebd80000,0x00000000ebd80000,0x00000000ec000000)
  to   space 2560K, 0% used [0x00000000ebb00000,0x00000000ebb00000,0x00000000ebd80000)
 ParOldGen       total 44032K, used 0K [0x00000000c0000000, 0x00000000c2b00000, 0x00000000eab00000)
  object space 44032K, 0% used [0x00000000c0000000,0x00000000c0000000,0x00000000c2b00000)
 Metaspace       used 5887K, capacity 6896K, committed 7040K, reserved 1056768K
  class space    used 600K, capacity 616K, committed 640K, reserved 1048576K
Event: 2.000 GC heap after
Heap after GC invocations=1 (full 0):
 PSYoungGen      total 18944K, used 2535K [0x00000000eab00000, 0x00000000ec000000, 0x0000000100000000)
  eden space 16384K, 0% used [0x00000000eab00000,0x00000000eab00000,0x00000000ebb00000)
  from space 2560K, 99% used [0x00000000ebb00000,0x00000000ebd79cc8,0x00000000ebd80000)
  to   space 2560K, 0% used [0x00000000ebd80000,0x00000000ebd80000,0x00000000ec000000)
 ParOldGen       total 44032K, used 1708K [0x00000000c0000000, 0x00000000c2b00000, 0x00000000eab00000)
  object space 44032K, 3% used [0x00000000c0000000,0x00000000c01ab110,0x00000000c2b00000)
 Metaspace       used 5887K, capacity 6896K, committed 7040K, reserved 1056768K
  class space    used 600K, capacity 616K, committed 640K, reserved 1048576K
}

Deoptimization events (6 events):
Event: 1.249 Thread 0x00000000569e0000 Uncommon trap: reason=unstable_if action=reinterpret pc=0x000000000297d484 method=java.util.HashMap.getNode(ILjava/lang/Object;)Ljava/util/HashMap$Node; @ 129
Event: 1.340 Thread 0x00000000569e0000 Uncommon trap: reason=class_check action=maybe_recompile pc=0x0000000002a3c65c method=com.android.dx.ssa.NormalSsaInsn.accept(Lcom/android/dx/ssa/SsaInsn$Visitor;)V @ 9
Event: 1.802 Thread 0x00000000569e0000 Uncommon trap: reason=class_check action=maybe_recompile pc=0x0000000002a3c65c method=com.android.dx.ssa.NormalSsaInsn.accept(Lcom/android/dx/ssa/SsaInsn$Visitor;)V @ 9
Event: 1.802 Thread 0x00000000569e0000 Uncommon trap: reason=class_check action=maybe_recompile pc=0x00000000029cc860 method=com.android.dx.ssa.NormalSsaInsn.accept(Lcom/android/dx/ssa/SsaInsn$Visitor;)V @ 9
Event: 1.802 Thread 0x00000000569e0000 Uncommon trap: reason=class_check action=maybe_recompile pc=0x00000000029cc860 method=com.android.dx.ssa.NormalSsaInsn.accept(Lcom/android/dx/ssa/SsaInsn$Visitor;)V @ 9
Event: 2.076 Thread 0x000000005687e000 Uncommon trap: reason=unstable_if action=reinterpret pc=0x00000000029b9464 method=java.util.BitSet.ensureCapacity(I)V @ 6

Internal exceptions (2 events):
Event: 0.071 Thread 0x000000000229e800 Exception <a 'java/lang/NoSuchMethodError': Method sun.misc.Unsafe.defineClass(Ljava/lang/String;[BII)Ljava/lang/Class; name or signature does not match> (0x00000000eab07cc0) thrown at [D:\re\workspace\8-2-build-windows-amd64-cygwin\jdk8u77\6540\hotspot\srY∏‡Ì∫H≤?
Event: 0.071 Thread 0x000000000229e800 Exception <a 'java/lang/NoSuchMethodError': Method sun.misc.Unsafe.prefetchRead(Ljava/lang/Object;J)V name or signature does not match> (0x00000000eab07fa8) thrown at [D:\re\workspace\8-2-build-windows-amd64-cygwin\jdk8u77\6540\hotspot\src\share\vm\prims\j

Events (10 events):
Event: 1.802 Thread 0x00000000569e0000 DEOPT PACKING pc=0x00000000029cc860 sp=0x0000000057a7e620
Event: 1.802 Thread 0x00000000569e0000 DEOPT UNPACKING pc=0x00000000027b582a sp=0x0000000057a7e5c0 mode 2
Event: 1.802 Thread 0x00000000569e0000 Uncommon trap: trap_request=0xffffffde fr.pc=0x00000000029cc860
Event: 1.802 Thread 0x00000000569e0000 DEOPT PACKING pc=0x00000000029cc860 sp=0x0000000057a7e620
Event: 1.802 Thread 0x00000000569e0000 DEOPT UNPACKING pc=0x00000000027b582a sp=0x0000000057a7e5c0 mode 2
Event: 1.829 Executing VM operation: ParallelGCFailedAllocation
Event: 2.000 Executing VM operation: ParallelGCFailedAllocation done
Event: 2.076 Thread 0x000000005687e000 Uncommon trap: trap_request=0xffffff65 fr.pc=0x00000000029b9464
Event: 2.076 Thread 0x000000005687e000 DEOPT PACKING pc=0x00000000029b9464 sp=0x000000005754e8b0
Event: 2.077 Thread 0x000000005687e000 DEOPT UNPACKING pc=0x00000000027b582a sp=0x000000005754e798 mode 2


Dynamic libraries:
0x000000013fa20000 - 0x000000013fa57000 	C:\Program Files\Java\jdk1.8.0_77\bin\java.exe
0x0000000077bc0000 - 0x0000000077d6a000 	C:\Windows\SYSTEM32\ntdll.dll
0x00000000779a0000 - 0x0000000077abf000 	C:\Windows\system32\kernel32.dll
0x000007fefda60000 - 0x000007fefdaca000 	C:\Windows\system32\KERNELBASE.dll
0x000007feff710000 - 0x000007feff7eb000 	C:\Windows\system32\ADVAPI32.dll
0x000007fefefe0000 - 0x000007feff07f000 	C:\Windows\system32\msvcrt.dll
0x000007feff080000 - 0x000007feff09f000 	C:\Windows\SYSTEM32\sechost.dll
0x000007feff7f0000 - 0x000007feff91d000 	C:\Windows\system32\RPCRT4.dll
0x0000000077ac0000 - 0x0000000077bba000 	C:\Windows\system32\USER32.dll
0x000007feffe00000 - 0x000007feffe67000 	C:\Windows\system32\GDI32.dll
0x000007feff0a0000 - 0x000007feff0ae000 	C:\Windows\system32\LPK.dll
0x000007feffbf0000 - 0x000007feffcba000 	C:\Windows\system32\USP10.dll
0x000007fefc080000 - 0x000007fefc274000 	C:\Windows\WinSxS\amd64_microsoft.windows.common-controls_6595b64144ccf1df_6.0.7601.18837_none_fa3b1e3d17594757\COMCTL32.dll
0x000007feff690000 - 0x000007feff701000 	C:\Windows\system32\SHLWAPI.dll
0x000007feffdd0000 - 0x000007feffdfe000 	C:\Windows\system32\IMM32.DLL
0x000007feffcc0000 - 0x000007feffdc9000 	C:\Windows\system32\MSCTF.dll
0x000000006b2b0000 - 0x000000006b382000 	C:\Program Files\Java\jdk1.8.0_77\jre\bin\msvcr100.dll
0x0000000068760000 - 0x0000000068ff0000 	C:\Program Files\Java\jdk1.8.0_77\jre\bin\server\jvm.dll
0x000007fef27c0000 - 0x000007fef27c9000 	C:\Windows\system32\WSOCK32.dll
0x000007fefdc60000 - 0x000007fefdcad000 	C:\Windows\system32\WS2_32.dll
0x000007feff680000 - 0x000007feff688000 	C:\Windows\system32\NSI.dll
0x000007fefb820000 - 0x000007fefb85b000 	C:\Windows\system32\WINMM.dll
0x000007fefc970000 - 0x000007fefc97c000 	C:\Windows\system32\VERSION.dll
0x0000000077d80000 - 0x0000000077d87000 	C:\Windows\system32\PSAPI.DLL
0x00000000749c0000 - 0x00000000749cf000 	C:\Program Files\Java\jdk1.8.0_77\jre\bin\verify.dll
0x000000006ccd0000 - 0x000000006ccf9000 	C:\Program Files\Java\jdk1.8.0_77\jre\bin\java.dll
0x00000000746e0000 - 0x00000000746f6000 	C:\Program Files\Java\jdk1.8.0_77\jre\bin\zip.dll
0x000007fefdd30000 - 0x000007fefeab9000 	C:\Windows\system32\SHELL32.dll
0x000007fefeac0000 - 0x000007fefecc3000 	C:\Windows\system32\ole32.dll
0x000007fefd8a0000 - 0x000007fefd8af000 	C:\Windows\system32\profapi.dll

VM Arguments:
jvm_args: -Djava.awt.headless=true -Xmx1024M -Dfile.encoding=windows-1256 -Duser.country=US -Duser.language=en -Duser.variant 
java_command: com.android.dx.command.Main --dex --num-threads=4 --output C:\Users\AL-Motahida\Downloads\Compressed\and-nd-firebase-1.00-starting-point\app\build\intermediates\transforms\preDex\release\35.jar --min-sdk-version 16 C:\Users\AL-Motahida\.gradle\caches\transforms-1\files-1.1\support-core-utils-27.1.1.aar\a86ba50a9351dfcc6cee43b3e35bf0aa\jars\classes.jar
java_class_path (initial): D:\sdk\build-tools\27.0.3\lib\dx.jar
Launcher Type: SUN_STANDARD

Environment Variables:
PATH=C:\Ruby22-x64\bin;D:\oracal\OracleXE112_Win32\DISK1\setupFolder\app\oracle\product\11.2.0\server\bin;C:\ProgramData\Oracle\Java\javapath;C:\Windows\system32;C:\Windows;C:\Windows\System32\Wbem;C:\Windows\System32\WindowsPowerShell\v1.0\;C:\Program Files\Microsoft SQL Server\110\Tools\Binn\;C:\Program Files\Git\cmd
USERNAME=AL-Motahida
OS=Windows_NT
PROCESSOR_IDENTIFIER=Intel64 Family 6 Model 37 Stepping 5, GenuineIntel



---------------  S Y S T E M  ---------------

OS: Windows 7 , 64 bit Build 7601 (6.1.7601.23677)

CPU:total 4 (2 cores per cpu, 2 threads per core) family 6 model 37 stepping 5, cmov, cx8, fxsr, mmx, sse, sse2, sse3, ssse3, sse4.1, sse4.2, popcnt, aes, clmul, ht, tsc, tscinvbit

Memory: 4k page, physical 4118384k(367428k free), swap 16471676k(2316k free)

vm_info: Java HotSpot(TM) 64-Bit Server VM (25.77-b03) for windows-amd64 JRE (1.8.0_77-b03), built on Mar 20 2016 22:01:33 by "java_re" with MS VC++ 10.0 (VS2010)

time: Thu Jun 21 19:41:07 2018
elapsed time: 2 seconds (0d 0h 0m 2s)

