#
# There is insufficient memory for the Java Runtime Environment to continue.
# Native memory allocation (malloc) failed to allocate 37696 bytes for Chunk::new
# Possible reasons:
#   The system is out of physical RAM or swap space
#   In 32 bit mode, the process size limit was hit
# Possible solutions:
#   Reduce memory load on the system
#   Increase physical memory or swap space
#   Check if swap backing store is full
#   Use 64 bit Java on a 64 bit OS
#   Decrease Java heap size (-Xmx/-Xms)
#   Decrease number of Java threads
#   Decrease Java thread stack sizes (-Xss)
#   Set larger code cache with -XX:ReservedCodeCacheSize=
# This output file may be truncated or incomplete.
#
#  Out of Memory Error (allocation.cpp:390), pid=18864, tid=21176
#
# JRE version: Java(TM) SE Runtime Environment (8.0_77-b03) (build 1.8.0_77-b03)
# Java VM: Java HotSpot(TM) 64-Bit Server VM (25.77-b03 mixed mode windows-amd64 compressed oops)
# Failed to write core dump. Minidumps are not enabled by default on client versions of Windows
#

---------------  T H R E A D  ---------------

Current thread (0x0000000056505800):  JavaThread "C2 CompilerThread0" daemon [_thread_in_native, id=21176, stack(0x0000000056cf0000,0x0000000056df0000)]

Stack: [0x0000000056cf0000,0x0000000056df0000]
[error occurred during error reporting (printing stack bounds), id 0xc0000005]

Native frames: (J=compiled Java code, j=interpreted, Vv=VM code, C=native code)


Current CompileTask:
C2:   2291  129       4       java.lang.String::startsWith (72 bytes)


---------------  P R O C E S S  ---------------

Java Threads: ( => current thread )
  0x000000005650f000 JavaThread "Service Thread" daemon [_thread_blocked, id=19476, stack(0x0000000057040000,0x0000000057140000)]
  0x000000005650a800 JavaThread "C1 CompilerThread2" daemon [_thread_blocked, id=10328, stack(0x0000000056ee0000,0x0000000056fe0000)]
  0x0000000056509800 JavaThread "C2 CompilerThread1" daemon [_thread_blocked, id=19604, stack(0x0000000056be0000,0x0000000056ce0000)]
=>0x0000000056505800 JavaThread "C2 CompilerThread0" daemon [_thread_in_native, id=21176, stack(0x0000000056cf0000,0x0000000056df0000)]
  0x0000000056502800 JavaThread "Attach Listener" daemon [_thread_blocked, id=19824, stack(0x0000000056a60000,0x0000000056b60000)]
  0x000000005508d000 JavaThread "Signal Dispatcher" daemon [_thread_blocked, id=21104, stack(0x0000000056960000,0x0000000056a60000)]
  0x0000000055079800 JavaThread "Finalizer" daemon [_thread_blocked, id=21008, stack(0x00000000560c0000,0x00000000561c0000)]
  0x0000000055032800 JavaThread "Reference Handler" daemon [_thread_blocked, id=5396, stack(0x0000000056400000,0x0000000056500000)]
  0x00000000000fe800 JavaThread "main" [_thread_in_Java, id=18644, stack(0x00000000024d0000,0x00000000025d0000)]

Other Threads:
  0x000000005502b000 VMThread [stack: 0x0000000056240000,0x0000000056340000] [id=17384]
  0x00000000565c9000 WatcherThread [stack: 0x0000000057240000,0x0000000057340000] [id=7408]

VM state:not at safepoint (normal execution)

VM Mutex/Monitor currently owned by a thread: None

Heap:
 PSYoungGen      total 18944K, used 2697K [0x00000000eab00000, 0x00000000ec000000, 0x0000000100000000)
  eden space 16384K, 16% used [0x00000000eab00000,0x00000000eada27b8,0x00000000ebb00000)
  from space 2560K, 0% used [0x00000000ebd80000,0x00000000ebd80000,0x00000000ec000000)
  to   space 2560K, 0% used [0x00000000ebb00000,0x00000000ebb00000,0x00000000ebd80000)
 ParOldGen       total 44032K, used 0K [0x00000000c0000000, 0x00000000c2b00000, 0x00000000eab00000)
  object space 44032K, 0% used [0x00000000c0000000,0x00000000c0000000,0x00000000c2b00000)
 Metaspace       used 3759K, capacity 4944K, committed 5120K, reserved 1056768K
  class space    used 420K, capacity 456K, committed 512K, reserved 1048576K

Card table byte_map: [0x0000000011c60000,0x0000000011e70000] byte_map_base: 0x0000000011660000

Marking Bits: (ParMarkBitMap*) 0x0000000068f70600
 Begin Bits: [0x00000000124a0000, 0x00000000134a0000)
 End Bits:   [0x00000000134a0000, 0x00000000144a0000)

Polling page: 0x0000000000160000

CodeCache: size=245760Kb used=1323Kb max_used=1324Kb free=244436Kb
 bounds [0x00000000028a0000, 0x0000000002b10000, 0x00000000118a0000]
 total_blobs=385 nmethods=132 adapters=167
 compilation: enabled

Compilation events (10 events):
Event: 2.271 Thread 0x000000005650a800  125       3       java.lang.String::toCharArray (25 bytes)
Event: 2.271 Thread 0x000000005650a800 nmethod 125 0x00000000029e6b50 code [0x00000000029e6cc0, 0x00000000029e6f48]
Event: 2.273 Thread 0x0000000056505800 nmethod 123 0x00000000029e9d50 code [0x00000000029e9e80, 0x00000000029e9fd8]
Event: 2.275 Thread 0x0000000056509800  128       4       java.lang.String::indexOf (70 bytes)
Event: 2.275 Thread 0x000000005650a800  126       3       java.lang.String::concat (47 bytes)
Event: 2.276 Thread 0x000000005650a800 nmethod 126 0x00000000029e9050 code [0x00000000029e9220, 0x00000000029e99b8]
Event: 2.276 Thread 0x000000005650a800  127       3       java.lang.String::getChars (16 bytes)
Event: 2.276 Thread 0x000000005650a800 nmethod 127 0x00000000029e8c10 code [0x00000000029e8d80, 0x00000000029e8f88]
Event: 2.279 Thread 0x0000000056509800 nmethod 128 0x00000000029e7310 code [0x00000000029e7460, 0x00000000029e75f8]
Event: 2.282 Thread 0x0000000056505800  129       4       java.lang.String::startsWith (72 bytes)

GC Heap History (0 events):
No events

Deoptimization events (0 events):
No events

Internal exceptions (2 events):
Event: 0.296 Thread 0x00000000000fe800 Exception <a 'java/lang/NoSuchMethodError': Method sun.misc.Unsafe.defineClass(Ljava/lang/String;[BII)Ljava/lang/Class; name or signature does not match> (0x00000000eab07cc0) thrown at [D:\re\workspace\8-2-build-windows-amd64-cygwin\jdk8u77\6540\hotspot\srègð-{÷Ò?
Event: 0.296 Thread 0x00000000000fe800 Exception <a 'java/lang/NoSuchMethodError': Method sun.misc.Unsafe.prefetchRead(Ljava/lang/Object;J)V name or signature does not match> (0x00000000eab07fa8) thrown at [D:\re\workspace\8-2-build-windows-amd64-cygwin\jdk8u77\6540\hotspot\src\share\vm\prims\j

Events (10 events):
Event: 2.280 loading class com/android/dx/rop/cst/CstMethodHandle
Event: 2.280 loading class com/android/dx/rop/cst/CstMethodHandle done
Event: 2.281 loading class com/android/dx/rop/cst/CstProtoRef
Event: 2.281 loading class com/android/dx/rop/cst/CstProtoRef done
Event: 2.281 loading class com/android/dx/rop/cst/CstInvokeDynamic
Event: 2.281 loading class com/android/dx/rop/cst/CstInvokeDynamic done
Event: 2.282 loading class com/android/dx/rop/cst/StdConstantPool
Event: 2.282 loading class com/android/dx/rop/cst/StdConstantPool done
Event: 2.283 loading class com/android/dx/util/MutabilityControl
Event: 2.283 loading class com/android/dx/util/MutabilityControl done


Dynamic libraries:
0x000000013fa20000 - 0x000000013fa57000 	C:\Program Files\Java\jdk1.8.0_77\bin\java.exe
0x0000000077bc0000 - 0x0000000077d6a000 	C:\Windows\SYSTEM32\ntdll.dll
0x00000000779a0000 - 0x0000000077abf000 	C:\Windows\system32\kernel32.dll
0x000007fefda60000 - 0x000007fefdaca000 	C:\Windows\system32\KERNELBASE.dll
0x000007feff710000 - 0x000007feff7eb000 	C:\Windows\system32\ADVAPI32.dll
0x000007fefefe0000 - 0x000007feff07f000 	C:\Windows\system32\msvcrt.dll
0x000007feff080000 - 0x000007feff09f000 	C:\Windows\SYSTEM32\sechost.dll
0x000007feff7f0000 - 0x000007feff91d000 	C:\Windows\system32\RPCRT4.dll
0x0000000077ac0000 - 0x0000000077bba000 	C:\Windows\system32\USER32.dll
0x000007feffe00000 - 0x000007feffe67000 	C:\Windows\system32\GDI32.dll
0x000007feff0a0000 - 0x000007feff0ae000 	C:\Windows\system32\LPK.dll
0x000007feffbf0000 - 0x000007feffcba000 	C:\Windows\system32\USP10.dll
0x000007fefc080000 - 0x000007fefc274000 	C:\Windows\WinSxS\amd64_microsoft.windows.common-controls_6595b64144ccf1df_6.0.7601.18837_none_fa3b1e3d17594757\COMCTL32.dll
0x000007feff690000 - 0x000007feff701000 	C:\Windows\system32\SHLWAPI.dll
0x000007feffdd0000 - 0x000007feffdfe000 	C:\Windows\system32\IMM32.DLL
0x000007feffcc0000 - 0x000007feffdc9000 	C:\Windows\system32\MSCTF.dll
0x000000006b2b0000 - 0x000000006b382000 	C:\Program Files\Java\jdk1.8.0_77\jre\bin\msvcr100.dll
0x0000000068760000 - 0x0000000068ff0000 	C:\Program Files\Java\jdk1.8.0_77\jre\bin\server\jvm.dll
0x000007fef27c0000 - 0x000007fef27c9000 	C:\Windows\system32\WSOCK32.dll
0x000007fefdc60000 - 0x000007fefdcad000 	C:\Windows\system32\WS2_32.dll
0x000007feff680000 - 0x000007feff688000 	C:\Windows\system32\NSI.dll
0x000007fefb820000 - 0x000007fefb85b000 	C:\Windows\system32\WINMM.dll
0x000007fefc970000 - 0x000007fefc97c000 	C:\Windows\system32\VERSION.dll
0x0000000077d80000 - 0x0000000077d87000 	C:\Windows\system32\PSAPI.DLL
0x00000000749c0000 - 0x00000000749cf000 	C:\Program Files\Java\jdk1.8.0_77\jre\bin\verify.dll
0x000000006ccd0000 - 0x000000006ccf9000 	C:\Program Files\Java\jdk1.8.0_77\jre\bin\java.dll
0x00000000746e0000 - 0x00000000746f6000 	C:\Program Files\Java\jdk1.8.0_77\jre\bin\zip.dll
0x000007fefdd30000 - 0x000007fefeab9000 	C:\Windows\system32\SHELL32.dll
0x000007fefeac0000 - 0x000007fefecc3000 	C:\Windows\system32\ole32.dll
0x000007fefd8a0000 - 0x000007fefd8af000 	C:\Windows\system32\profapi.dll

VM Arguments:
jvm_args: -Djava.awt.headless=true -Xmx1024M -Dfile.encoding=windows-1256 -Duser.country=US -Duser.language=en -Duser.variant 
java_command: com.android.dx.command.Main --dex --num-threads=4 --output C:\Users\AL-Motahida\Downloads\Compressed\and-nd-firebase-1.00-starting-point\app\build\intermediates\transforms\preDex\release\14.jar --min-sdk-version 16 C:\Users\AL-Motahida\.gradle\caches\transforms-1\files-1.1\firebase-analytics-12.0.1.aar\cdf5a234fdeeb55a09f6464ca35af3c3\jars\classes.jar
java_class_path (initial): D:\sdk\build-tools\27.0.3\lib\dx.jar
Launcher Type: SUN_STANDARD

Environment Variables:
PATH=C:\Ruby22-x64\bin;D:\oracal\OracleXE112_Win32\DISK1\setupFolder\app\oracle\product\11.2.0\server\bin;C:\ProgramData\Oracle\Java\javapath;C:\Windows\system32;C:\Windows;C:\Windows\System32\Wbem;C:\Windows\System32\WindowsPowerShell\v1.0\;C:\Program Files\Microsoft SQL Server\110\Tools\Binn\;C:\Program Files\Git\cmd
USERNAME=AL-Motahida
OS=Windows_NT
PROCESSOR_IDENTIFIER=Intel64 Family 6 Model 37 Stepping 5, GenuineIntel



---------------  S Y S T E M  ---------------

OS: Windows 7 , 64 bit Build 7601 (6.1.7601.23677)

CPU:total 4 (2 cores per cpu, 2 threads per core) family 6 model 37 stepping 5, cmov, cx8, fxsr, mmx, sse, sse2, sse3, ssse3, sse4.1, sse4.2, popcnt, aes, clmul, ht, tsc, tscinvbit

Memory: 4k page, physical 4118384k(385188k free), swap 16471676k(4168k free)

vm_info: Java HotSpot(TM) 64-Bit Server VM (25.77-b03) for windows-amd64 JRE (1.8.0_77-b03), built on Mar 20 2016 22:01:33 by "java_re" with MS VC++ 10.0 (VS2010)

time: Thu Jun 21 19:40:53 2018
elapsed time: 2 seconds (0d 0h 0m 2s)

