#
# There is insufficient memory for the Java Runtime Environment to continue.
# Native memory allocation (malloc) failed to allocate 496576 bytes for Chunk::new
# Possible reasons:
#   The system is out of physical RAM or swap space
#   In 32 bit mode, the process size limit was hit
# Possible solutions:
#   Reduce memory load on the system
#   Increase physical memory or swap space
#   Check if swap backing store is full
#   Use 64 bit Java on a 64 bit OS
#   Decrease Java heap size (-Xmx/-Xms)
#   Decrease number of Java threads
#   Decrease Java thread stack sizes (-Xss)
#   Set larger code cache with -XX:ReservedCodeCacheSize=
# This output file may be truncated or incomplete.
#
#  Out of Memory Error (allocation.cpp:390), pid=3356, tid=20028
#
# JRE version: Java(TM) SE Runtime Environment (8.0_77-b03) (build 1.8.0_77-b03)
# Java VM: Java HotSpot(TM) 64-Bit Server VM (25.77-b03 mixed mode windows-amd64 compressed oops)
# Failed to write core dump. Minidumps are not enabled by default on client versions of Windows
#

---------------  T H R E A D  ---------------

Current thread (0x000000005668a000):  JavaThread "C2 CompilerThread1" daemon [_thread_in_native, id=20028, stack(0x0000000056070000,0x0000000056170000)]

Stack: [0x0000000056070000,0x0000000056170000]
[error occurred during error reporting (printing stack bounds), id 0xc0000005]

Native frames: (J=compiled Java code, j=interpreted, Vv=VM code, C=native code)


Current CompileTask:
C2:   3145 1258       4       com.android.dx.ssa.back.LivenessAnalyzer::run (231 bytes)


---------------  P R O C E S S  ---------------

Java Threads: ( => current thread )
  0x00000000569f8000 JavaThread "pool-1-thread-4" [_thread_blocked, id=17396, stack(0x00000000578c0000,0x00000000579c0000)]
  0x00000000569f4800 JavaThread "pool-1-thread-3" [_thread_blocked, id=3620, stack(0x00000000577b0000,0x00000000578b0000)]
  0x00000000569f3800 JavaThread "pool-1-thread-2" [_thread_blocked, id=17880, stack(0x0000000057500000,0x0000000057600000)]
  0x00000000569f2000 JavaThread "pool-2-thread-1" [_thread_blocked, id=21392, stack(0x00000000572e0000,0x00000000573e0000)]
  0x00000000569f1000 JavaThread "pool-1-thread-1" [_thread_in_Java, id=20704, stack(0x0000000056d80000,0x0000000056e80000)]
  0x000000005670d000 JavaThread "Service Thread" daemon [_thread_blocked, id=22268, stack(0x0000000057030000,0x0000000057130000)]
  0x00000000566c4000 JavaThread "C1 CompilerThread2" daemon [_thread_blocked, id=7744, stack(0x0000000056ed0000,0x0000000056fd0000)]
=>0x000000005668a000 JavaThread "C2 CompilerThread1" daemon [_thread_in_native, id=20028, stack(0x0000000056070000,0x0000000056170000)]
  0x0000000056685800 JavaThread "C2 CompilerThread0" daemon [_thread_in_native, id=17632, stack(0x00000000562b0000,0x00000000563b0000)]
  0x0000000056682800 JavaThread "Attach Listener" daemon [_thread_blocked, id=1868, stack(0x0000000056c20000,0x0000000056d20000)]
  0x000000005502c000 JavaThread "Signal Dispatcher" daemon [_thread_blocked, id=17100, stack(0x0000000056a90000,0x0000000056b90000)]
  0x0000000055014000 JavaThread "Finalizer" daemon [_thread_blocked, id=22016, stack(0x0000000056580000,0x0000000056680000)]
  0x0000000054fd2800 JavaThread "Reference Handler" daemon [_thread_blocked, id=21976, stack(0x00000000563d0000,0x00000000564d0000)]
  0x000000000224e800 JavaThread "main" [_thread_blocked, id=16296, stack(0x0000000002520000,0x0000000002620000)]

Other Threads:
  0x0000000054fcb000 VMThread [stack: 0x00000000561a0000,0x00000000562a0000] [id=16820]
  0x0000000056711000 WatcherThread [stack: 0x00000000571b0000,0x00000000572b0000] [id=19332]

VM state:not at safepoint (normal execution)

VM Mutex/Monitor currently owned by a thread: None

Heap:
 PSYoungGen      total 18944K, used 13775K [0x00000000eab00000, 0x00000000ed000000, 0x0000000100000000)
  eden space 16384K, 68% used [0x00000000eab00000,0x00000000eb5f82f0,0x00000000ebb00000)
  from space 2560K, 99% used [0x00000000ebb00000,0x00000000ebd7bac8,0x00000000ebd80000)
  to   space 2560K, 0% used [0x00000000ecd80000,0x00000000ecd80000,0x00000000ed000000)
 ParOldGen       total 44032K, used 2028K [0x00000000c0000000, 0x00000000c2b00000, 0x00000000eab00000)
  object space 44032K, 4% used [0x00000000c0000000,0x00000000c01fb3d8,0x00000000c2b00000)
 Metaspace       used 6022K, capacity 7024K, committed 7296K, reserved 1056768K
  class space    used 599K, capacity 616K, committed 640K, reserved 1048576K

Card table byte_map: [0x0000000011cb0000,0x0000000011ec0000] byte_map_base: 0x00000000116b0000

Marking Bits: (ParMarkBitMap*) 0x0000000068f70600
 Begin Bits: [0x0000000012440000, 0x0000000013440000)
 End Bits:   [0x0000000013440000, 0x0000000014440000)

Polling page: 0x0000000001b70000

CodeCache: size=245760Kb used=5007Kb max_used=5019Kb free=240752Kb
 bounds [0x00000000028f0000, 0x0000000002de0000, 0x00000000118f0000]
 total_blobs=1520 nmethods=1256 adapters=178
 compilation: enabled

Compilation events (10 events):
Event: 3.089 Thread 0x00000000566c4000 nmethod 1251 0x0000000002dcfc50 code [0x0000000002dcfda0, 0x0000000002dcfef0]
Event: 3.089 Thread 0x00000000566c4000 1252       3       com.android.dx.rop.cst.CstBaseMethodRef::getType (8 bytes)
Event: 3.090 Thread 0x00000000566c4000 nmethod 1252 0x0000000002dcf850 code [0x0000000002dcf9a0, 0x0000000002dcfb90]
Event: 3.090 Thread 0x00000000566c4000 1255       3       com.android.dx.ssa.DomFront::buildDomTree (72 bytes)
Event: 3.091 Thread 0x00000000566c4000 nmethod 1255 0x0000000002dcdcd0 code [0x0000000002dcdf40, 0x0000000002dceda8]
Event: 3.091 Thread 0x00000000566c4000 1256       3       com.android.dx.ssa.SCCP::replaceConstants (209 bytes)
Event: 3.092 Thread 0x000000005668a000 1257       4       com.android.dx.rop.cst.Constant::compareTo (33 bytes)
Event: 3.093 Thread 0x00000000566c4000 nmethod 1256 0x0000000002dd5210 code [0x0000000002dd5520, 0x0000000002dd6ff8]
Event: 3.096 Thread 0x000000005668a000 nmethod 1257 0x0000000002dcd810 code [0x0000000002dcd960, 0x0000000002dcdb38]
Event: 3.100 Thread 0x000000005668a000 1258       4       com.android.dx.ssa.back.LivenessAnalyzer::run (231 bytes)

GC Heap History (2 events):
Event: 1.854 GC heap before
{Heap before GC invocations=1 (full 0):
 PSYoungGen      total 18944K, used 16384K [0x00000000eab00000, 0x00000000ec000000, 0x0000000100000000)
  eden space 16384K, 100% used [0x00000000eab00000,0x00000000ebb00000,0x00000000ebb00000)
  from space 2560K, 0% used [0x00000000ebd80000,0x00000000ebd80000,0x00000000ec000000)
  to   space 2560K, 0% used [0x00000000ebb00000,0x00000000ebb00000,0x00000000ebd80000)
 ParOldGen       total 44032K, used 0K [0x00000000c0000000, 0x00000000c2b00000, 0x00000000eab00000)
  object space 44032K, 0% used [0x00000000c0000000,0x00000000c0000000,0x00000000c2b00000)
 Metaspace       used 5800K, capacity 6832K, committed 7040K, reserved 1056768K
  class space    used 599K, capacity 616K, committed 640K, reserved 1048576K
Event: 1.991 GC heap after
Heap after GC invocations=1 (full 0):
 PSYoungGen      total 18944K, used 2542K [0x00000000eab00000, 0x00000000ed000000, 0x0000000100000000)
  eden space 16384K, 0% used [0x00000000eab00000,0x00000000eab00000,0x00000000ebb00000)
  from space 2560K, 99% used [0x00000000ebb00000,0x00000000ebd7bac8,0x00000000ebd80000)
  to   space 2560K, 0% used [0x00000000ecd80000,0x00000000ecd80000,0x00000000ed000000)
 ParOldGen       total 44032K, used 2028K [0x00000000c0000000, 0x00000000c2b00000, 0x00000000eab00000)
  object space 44032K, 4% used [0x00000000c0000000,0x00000000c01fb3d8,0x00000000c2b00000)
 Metaspace       used 5800K, capacity 6832K, committed 7040K, reserved 1056768K
  class space    used 599K, capacity 616K, committed 640K, reserved 1048576K
}

Deoptimization events (7 events):
Event: 1.753 Thread 0x00000000569f3800 Uncommon trap: reason=unstable_if action=reinterpret pc=0x0000000002b2c1b0 method=java.util.HashMap.getNode(ILjava/lang/Object;)Ljava/util/HashMap$Node; @ 62
Event: 2.016 Thread 0x00000000569f8000 Uncommon trap: reason=unstable_if action=reinterpret pc=0x0000000002b87434 method=java.util.HashMap.getNode(ILjava/lang/Object;)Ljava/util/HashMap$Node; @ 62
Event: 2.427 Thread 0x00000000569f1000 Uncommon trap: reason=unstable_if action=reinterpret pc=0x0000000002ba8f44 method=com.android.dx.rop.cst.Constant.compareTo(Lcom/android/dx/rop/cst/Constant;)I @ 12
Event: 2.509 Thread 0x00000000569f1000 Uncommon trap: reason=unstable_if action=reinterpret pc=0x0000000002c0e49c method=com.android.dx.rop.code.RegisterSpecSet.put(Lcom/android/dx/rop/code/RegisterSpec;)V @ 77
Event: 2.509 Thread 0x00000000569f1000 Uncommon trap: reason=unstable_if action=reinterpret pc=0x0000000002c928d4 method=com.android.dx.rop.code.RegisterSpecSet.put(Lcom/android/dx/rop/code/RegisterSpec;)V @ 77
Event: 2.520 Thread 0x00000000569f4800 Uncommon trap: reason=null_check action=make_not_entrant pc=0x0000000002c040dc method=com.android.dx.ssa.SsaRenamer.getLocalForNewReg(I)Lcom/android/dx/rop/code/LocalItem; @ 19
Event: 2.569 Thread 0x00000000569f3800 Uncommon trap: reason=unstable_if action=reinterpret pc=0x0000000002c0d464 method=com.android.dx.ssa.SsaMethod.getExitBlock()Lcom/android/dx/ssa/SsaBasicBlock; @ 4

Internal exceptions (3 events):
Event: 0.074 Thread 0x000000000224e800 Exception <a 'java/lang/NoSuchMethodError': Method sun.misc.Unsafe.defineClass(Ljava/lang/String;[BII)Ljava/lang/Class; name or signature does not match> (0x00000000eab07cc0) thrown at [D:\re\workspace\8-2-build-windows-amd64-cygwin\jdk8u77\6540\hotspot\srðÂ_Šï²?
Event: 0.074 Thread 0x000000000224e800 Exception <a 'java/lang/NoSuchMethodError': Method sun.misc.Unsafe.prefetchRead(Ljava/lang/Object;J)V name or signature does not match> (0x00000000eab07fa8) thrown at [D:\re\workspace\8-2-build-windows-amd64-cygwin\jdk8u77\6540\hotspot\src\share\vm\prims\j×<R(@
Event: 2.520 Thread 0x00000000569f4800 Implicit null exception at 0x0000000002c02a1a to 0x0000000002c04091

Events (10 events):
Event: 2.520 Thread 0x00000000569f4800 Uncommon trap: trap_request=0xfffffff4 fr.pc=0x0000000002c040dc
Event: 2.520 Thread 0x00000000569f4800 DEOPT PACKING pc=0x0000000002c040dc sp=0x00000000578ae700
Event: 2.520 Thread 0x00000000569f4800 DEOPT UNPACKING pc=0x000000000293582a sp=0x00000000578ae548 mode 2
Event: 2.524 loading class com/android/dx/cf/attrib/AttExceptions
Event: 2.525 loading class com/android/dx/cf/attrib/AttExceptions done
Event: 2.569 Thread 0x00000000569f3800 Uncommon trap: trap_request=0xffffff65 fr.pc=0x0000000002c0d464
Event: 2.569 Thread 0x00000000569f3800 DEOPT PACKING pc=0x0000000002c0d464 sp=0x00000000575fe9d0
Event: 2.569 Thread 0x00000000569f3800 DEOPT UNPACKING pc=0x000000000293582a sp=0x00000000575fe988 mode 2
Event: 2.709 Executing VM operation: ForceSafepoint
Event: 2.929 Executing VM operation: ForceSafepoint done


Dynamic libraries:
0x000000013fa20000 - 0x000000013fa57000 	C:\Program Files\Java\jdk1.8.0_77\bin\java.exe
0x0000000077bc0000 - 0x0000000077d6a000 	C:\Windows\SYSTEM32\ntdll.dll
0x00000000779a0000 - 0x0000000077abf000 	C:\Windows\system32\kernel32.dll
0x000007fefda60000 - 0x000007fefdaca000 	C:\Windows\system32\KERNELBASE.dll
0x000007feff710000 - 0x000007feff7eb000 	C:\Windows\system32\ADVAPI32.dll
0x000007fefefe0000 - 0x000007feff07f000 	C:\Windows\system32\msvcrt.dll
0x000007feff080000 - 0x000007feff09f000 	C:\Windows\SYSTEM32\sechost.dll
0x000007feff7f0000 - 0x000007feff91d000 	C:\Windows\system32\RPCRT4.dll
0x0000000077ac0000 - 0x0000000077bba000 	C:\Windows\system32\USER32.dll
0x000007feffe00000 - 0x000007feffe67000 	C:\Windows\system32\GDI32.dll
0x000007feff0a0000 - 0x000007feff0ae000 	C:\Windows\system32\LPK.dll
0x000007feffbf0000 - 0x000007feffcba000 	C:\Windows\system32\USP10.dll
0x000007fefc080000 - 0x000007fefc274000 	C:\Windows\WinSxS\amd64_microsoft.windows.common-controls_6595b64144ccf1df_6.0.7601.18837_none_fa3b1e3d17594757\COMCTL32.dll
0x000007feff690000 - 0x000007feff701000 	C:\Windows\system32\SHLWAPI.dll
0x000007feffdd0000 - 0x000007feffdfe000 	C:\Windows\system32\IMM32.DLL
0x000007feffcc0000 - 0x000007feffdc9000 	C:\Windows\system32\MSCTF.dll
0x000000006b2b0000 - 0x000000006b382000 	C:\Program Files\Java\jdk1.8.0_77\jre\bin\msvcr100.dll
0x0000000068760000 - 0x0000000068ff0000 	C:\Program Files\Java\jdk1.8.0_77\jre\bin\server\jvm.dll
0x000007fef27c0000 - 0x000007fef27c9000 	C:\Windows\system32\WSOCK32.dll
0x000007fefdc60000 - 0x000007fefdcad000 	C:\Windows\system32\WS2_32.dll
0x000007feff680000 - 0x000007feff688000 	C:\Windows\system32\NSI.dll
0x000007fefb820000 - 0x000007fefb85b000 	C:\Windows\system32\WINMM.dll
0x000007fefc970000 - 0x000007fefc97c000 	C:\Windows\system32\VERSION.dll
0x0000000077d80000 - 0x0000000077d87000 	C:\Windows\system32\PSAPI.DLL
0x00000000749c0000 - 0x00000000749cf000 	C:\Program Files\Java\jdk1.8.0_77\jre\bin\verify.dll
0x000000006ccd0000 - 0x000000006ccf9000 	C:\Program Files\Java\jdk1.8.0_77\jre\bin\java.dll
0x00000000746e0000 - 0x00000000746f6000 	C:\Program Files\Java\jdk1.8.0_77\jre\bin\zip.dll
0x000007fefdd30000 - 0x000007fefeab9000 	C:\Windows\system32\SHELL32.dll
0x000007fefeac0000 - 0x000007fefecc3000 	C:\Windows\system32\ole32.dll
0x000007fefd8a0000 - 0x000007fefd8af000 	C:\Windows\system32\profapi.dll

VM Arguments:
jvm_args: -Djava.awt.headless=true -Xmx1024M -Dfile.encoding=windows-1256 -Duser.country=US -Duser.language=en -Duser.variant 
java_command: com.android.dx.command.Main --dex --num-threads=4 --output C:\Users\AL-Motahida\Downloads\Compressed\and-nd-firebase-1.00-starting-point\app\build\intermediates\transforms\preDex\release\34.jar --min-sdk-version 16 C:\Users\AL-Motahida\.gradle\caches\transforms-1\files-1.1\support-core-ui-27.1.1.aar\63317a6a9d2e9b25e19448a72a722a37\jars\classes.jar
java_class_path (initial): D:\sdk\build-tools\27.0.3\lib\dx.jar
Launcher Type: SUN_STANDARD

Environment Variables:
PATH=C:\Ruby22-x64\bin;D:\oracal\OracleXE112_Win32\DISK1\setupFolder\app\oracle\product\11.2.0\server\bin;C:\ProgramData\Oracle\Java\javapath;C:\Windows\system32;C:\Windows;C:\Windows\System32\Wbem;C:\Windows\System32\WindowsPowerShell\v1.0\;C:\Program Files\Microsoft SQL Server\110\Tools\Binn\;C:\Program Files\Git\cmd
USERNAME=AL-Motahida
OS=Windows_NT
PROCESSOR_IDENTIFIER=Intel64 Family 6 Model 37 Stepping 5, GenuineIntel



---------------  S Y S T E M  ---------------

OS: Windows 7 , 64 bit Build 7601 (6.1.7601.23677)

CPU:total 4 (2 cores per cpu, 2 threads per core) family 6 model 37 stepping 5, cmov, cx8, fxsr, mmx, sse, sse2, sse3, ssse3, sse4.1, sse4.2, popcnt, aes, clmul, ht, tsc, tscinvbit

Memory: 4k page, physical 4118384k(326316k free), swap 16471676k(4856k free)

vm_info: Java HotSpot(TM) 64-Bit Server VM (25.77-b03) for windows-amd64 JRE (1.8.0_77-b03), built on Mar 20 2016 22:01:33 by "java_re" with MS VC++ 10.0 (VS2010)

time: Thu Jun 21 19:41:37 2018
elapsed time: 3 seconds (0d 0h 0m 3s)

