#
# There is insufficient memory for the Java Runtime Environment to continue.
# Native memory allocation (malloc) failed to allocate 42576 bytes for Chunk::new
# Possible reasons:
#   The system is out of physical RAM or swap space
#   In 32 bit mode, the process size limit was hit
# Possible solutions:
#   Reduce memory load on the system
#   Increase physical memory or swap space
#   Check if swap backing store is full
#   Use 64 bit Java on a 64 bit OS
#   Decrease Java heap size (-Xmx/-Xms)
#   Decrease number of Java threads
#   Decrease Java thread stack sizes (-Xss)
#   Set larger code cache with -XX:ReservedCodeCacheSize=
# This output file may be truncated or incomplete.
#
#  Out of Memory Error (allocation.cpp:390), pid=17136, tid=21864
#
# JRE version: Java(TM) SE Runtime Environment (8.0_77-b03) (build 1.8.0_77-b03)
# Java VM: Java HotSpot(TM) 64-Bit Server VM (25.77-b03 mixed mode windows-amd64 compressed oops)
# Failed to write core dump. Minidumps are not enabled by default on client versions of Windows
#

---------------  T H R E A D  ---------------

Current thread (0x00000000566a2800):  JavaThread "C2 CompilerThread0" daemon [_thread_in_native, id=21864, stack(0x0000000056d70000,0x0000000056e70000)]

Stack: [0x0000000056d70000,0x0000000056e70000]
[error occurred during error reporting (printing stack bounds), id 0xc0000005]

Native frames: (J=compiled Java code, j=interpreted, Vv=VM code, C=native code)


Current CompileTask:
C2:  44262 2396       4       com.android.dx.ssa.SsaMethod::onSourceChanged (65 bytes)


---------------  P R O C E S S  ---------------

Java Threads: ( => current thread )
  0x00000000569a1000 JavaThread "pool-1-thread-4" [_thread_blocked, id=13348, stack(0x0000000057770000,0x0000000057870000)]
  0x00000000569cf800 JavaThread "pool-1-thread-2" [_thread_in_vm, id=20048, stack(0x0000000057520000,0x0000000057620000)]
  0x00000000569cf000 JavaThread "pool-2-thread-1" [_thread_blocked, id=19192, stack(0x00000000573d0000,0x00000000574d0000)]
  0x00000000569ce000 JavaThread "pool-1-thread-1" [_thread_blocked, id=21012, stack(0x0000000057260000,0x0000000057360000)]
  0x000000005672d000 JavaThread "Service Thread" daemon [_thread_blocked, id=18836, stack(0x0000000056c30000,0x0000000056d30000)]
  0x00000000566fe000 JavaThread "C1 CompilerThread2" daemon [_thread_in_vm, id=19600, stack(0x0000000057020000,0x0000000057120000)]
  0x00000000566f9000 JavaThread "C2 CompilerThread1" daemon [_thread_in_native, id=17280, stack(0x0000000056f20000,0x0000000057020000)]
=>0x00000000566a2800 JavaThread "C2 CompilerThread0" daemon [_thread_in_native, id=21864, stack(0x0000000056d70000,0x0000000056e70000)]
  0x000000005519e000 JavaThread "Attach Listener" daemon [_thread_blocked, id=19976, stack(0x0000000056400000,0x0000000056500000)]
  0x000000005518c000 JavaThread "Signal Dispatcher" daemon [_thread_blocked, id=22248, stack(0x0000000056b30000,0x0000000056c30000)]
  0x0000000055179800 JavaThread "Finalizer" daemon [_thread_blocked, id=17128, stack(0x00000000565a0000,0x00000000566a0000)]
  0x0000000055132800 JavaThread "Reference Handler" daemon [_thread_blocked, id=21832, stack(0x0000000056300000,0x0000000056400000)]
  0x000000000224e800 JavaThread "main" [_thread_blocked, id=20316, stack(0x0000000002480000,0x0000000002580000)]

Other Threads:
  0x000000005512b000 VMThread [stack: 0x0000000056200000,0x0000000056300000] [id=14312]
  0x0000000056738000 WatcherThread [stack: 0x0000000057140000,0x0000000057240000] [id=19364]

VM state:synchronizing (normal execution)

VM Mutex/Monitor currently owned by a thread:  ([mutex/lock_event])
[0x000000000224c4d0] Threads_lock - owner thread: 0x000000005512b000
[0x000000000224c9d0] Heap_lock - owner thread: 0x00000000569ce000

Heap:
 PSYoungGen      total 142848K, used 141726K [0x00000000eab00000, 0x00000000f4800000, 0x0000000100000000)
  eden space 129536K, 100% used [0x00000000eab00000,0x00000000f2980000,0x00000000f2980000)
  from space 13312K, 91% used [0x00000000f3800000,0x00000000f43e7b08,0x00000000f4500000)
  to   space 14848K, 0% used [0x00000000f2980000,0x00000000f2988000,0x00000000f3800000)
 ParOldGen       total 44032K, used 25879K [0x00000000c0000000, 0x00000000c2b00000, 0x00000000eab00000)
  object space 44032K, 59% used [0x00000000c0000000,0x00000000c1981128,0x00000000c2b00000)
 Metaspace       used 6494K, capacity 7320K, committed 7680K, reserved 1056768K
  class space    used 624K, capacity 656K, committed 768K, reserved 1048576K

Card table byte_map: [0x0000000011c10000,0x0000000011e20000] byte_map_base: 0x0000000011610000

Marking Bits: (ParMarkBitMap*) 0x0000000068f70600
 Begin Bits: [0x00000000125a0000, 0x00000000135a0000)
 End Bits:   [0x00000000135a0000, 0x00000000145a0000)

Polling page: 0x0000000000240000

CodeCache: size=245760Kb used=11707Kb max_used=11707Kb free=234052Kb
 bounds [0x0000000002850000, 0x00000000033d0000, 0x0000000011850000]
 total_blobs=2459 nmethods=2191 adapters=181
 compilation: enabled

Compilation events (10 events):
Event: 43.558 Thread 0x00000000566a2800 nmethod 2391 0x00000000033bf490 code [0x00000000033bf6a0, 0x00000000033c0c48]
Event: 43.562 Thread 0x00000000566fe000 2394       3       com.android.dx.rop.cst.CstKnownNull::equals (5 bytes)
Event: 43.562 Thread 0x00000000566fe000 nmethod 2394 0x00000000032fe650 code [0x00000000032fe7a0, 0x00000000032fe9d0]
Event: 43.799 Thread 0x00000000566f9000 nmethod 2393 0x00000000033c2250 code [0x00000000033c24a0, 0x00000000033c3f78]
Event: 44.059 Thread 0x00000000566fe000 2395       3       com.android.dx.cf.code.Ropper::getNormalRegCount (13 bytes)
Event: 44.059 Thread 0x00000000566fe000 nmethod 2395 0x00000000033a4dd0 code [0x00000000033a4f40, 0x00000000033a5210]
Event: 44.134 Thread 0x00000000566a2800 2396       4       com.android.dx.ssa.SsaMethod::onSourceChanged (65 bytes)
Event: 44.136 Thread 0x00000000566f9000 2397       4       com.android.dx.dex.code.RopTranslator::outputInstructions (69 bytes)
Event: 44.141 Thread 0x00000000566f9000 nmethod 2397 0x0000000003395d10 code [0x0000000003395e80, 0x00000000033961e8]
Event: 44.143 Thread 0x00000000566f9000 2398       4       com.android.dx.rop.code.LocalVariableExtractor::doit (49 bytes)

GC Heap History (10 events):
Event: 6.900 GC heap before
{Heap before GC invocations=2 (full 0):
 PSYoungGen      total 18944K, used 18938K [0x00000000eab00000, 0x00000000ed000000, 0x0000000100000000)
  eden space 16384K, 100% used [0x00000000eab00000,0x00000000ebb00000,0x00000000ebb00000)
  from space 2560K, 99% used [0x00000000ebb00000,0x00000000ebd7eab8,0x00000000ebd80000)
  to   space 2560K, 0% used [0x00000000ecd80000,0x00000000ecd80000,0x00000000ed000000)
 ParOldGen       total 44032K, used 1608K [0x00000000c0000000, 0x00000000c2b00000, 0x00000000eab00000)
  object space 44032K, 3% used [0x00000000c0000000,0x00000000c0192368,0x00000000c2b00000)
 Metaspace       used 5853K, capacity 6832K, committed 7040K, reserved 1056768K
  class space    used 600K, capacity 616K, committed 640K, reserved 1048576K
Event: 8.079 GC heap after
Heap after GC invocations=2 (full 0):
 PSYoungGen      total 35328K, used 2545K [0x00000000eab00000, 0x00000000ed000000, 0x0000000100000000)
  eden space 32768K, 0% used [0x00000000eab00000,0x00000000eab00000,0x00000000ecb00000)
  from space 2560K, 99% used [0x00000000ecd80000,0x00000000ecffc710,0x00000000ed000000)
  to   space 2560K, 0% used [0x00000000ecb00000,0x00000000ecb00000,0x00000000ecd80000)
 ParOldGen       total 44032K, used 4127K [0x00000000c0000000, 0x00000000c2b00000, 0x00000000eab00000)
  object space 44032K, 9% used [0x00000000c0000000,0x00000000c0407d70,0x00000000c2b00000)
 Metaspace       used 5853K, capacity 6832K, committed 7040K, reserved 1056768K
  class space    used 600K, capacity 616K, committed 640K, reserved 1048576K
}
Event: 24.942 GC heap before
{Heap before GC invocations=3 (full 0):
 PSYoungGen      total 35328K, used 35313K [0x00000000eab00000, 0x00000000ed000000, 0x0000000100000000)
  eden space 32768K, 100% used [0x00000000eab00000,0x00000000ecb00000,0x00000000ecb00000)
  from space 2560K, 99% used [0x00000000ecd80000,0x00000000ecffc710,0x00000000ed000000)
  to   space 2560K, 0% used [0x00000000ecb00000,0x00000000ecb00000,0x00000000ecd80000)
 ParOldGen       total 44032K, used 4127K [0x00000000c0000000, 0x00000000c2b00000, 0x00000000eab00000)
  object space 44032K, 9% used [0x00000000c0000000,0x00000000c0407d70,0x00000000c2b00000)
 Metaspace       used 6067K, capacity 7024K, committed 7296K, reserved 1056768K
  class space    used 601K, capacity 616K, committed 640K, reserved 1048576K
Event: 24.969 GC heap after
Heap after GC invocations=3 (full 0):
 PSYoungGen      total 35328K, used 2532K [0x00000000eab00000, 0x00000000ef000000, 0x0000000100000000)
  eden space 32768K, 0% used [0x00000000eab00000,0x00000000eab00000,0x00000000ecb00000)
  from space 2560K, 98% used [0x00000000ecb00000,0x00000000ecd791a8,0x00000000ecd80000)
  to   space 2560K, 0% used [0x00000000eed80000,0x00000000eed80000,0x00000000ef000000)
 ParOldGen       total 44032K, used 9692K [0x00000000c0000000, 0x00000000c2b00000, 0x00000000eab00000)
  object space 44032K, 22% used [0x00000000c0000000,0x00000000c09772a8,0x00000000c2b00000)
 Metaspace       used 6067K, capacity 7024K, committed 7296K, reserved 1056768K
  class space    used 601K, capacity 616K, committed 640K, reserved 1048576K
}
Event: 28.705 GC heap before
{Heap before GC invocations=4 (full 0):
 PSYoungGen      total 35328K, used 35300K [0x00000000eab00000, 0x00000000ef000000, 0x0000000100000000)
  eden space 32768K, 100% used [0x00000000eab00000,0x00000000ecb00000,0x00000000ecb00000)
  from space 2560K, 98% used [0x00000000ecb00000,0x00000000ecd791a8,0x00000000ecd80000)
  to   space 2560K, 0% used [0x00000000eed80000,0x00000000eed80000,0x00000000ef000000)
 ParOldGen       total 44032K, used 10974K [0x00000000c0000000, 0x00000000c2b00000, 0x00000000eab00000)
  object space 44032K, 24% used [0x00000000c0000000,0x00000000c0ab7930,0x00000000c2b00000)
 Metaspace       used 6229K, capacity 7152K, committed 7296K, reserved 1056768K
  class space    used 601K, capacity 616K, committed 640K, reserved 1048576K
Event: 28.724 GC heap after
Heap after GC invocations=4 (full 0):
 PSYoungGen      total 68096K, used 2532K [0x00000000eab00000, 0x00000000ef000000, 0x0000000100000000)
  eden space 65536K, 0% used [0x00000000eab00000,0x00000000eab00000,0x00000000eeb00000)
  from space 2560K, 98% used [0x00000000eed80000,0x00000000eeff91a8,0x00000000ef000000)
  to   space 2560K, 0% used [0x00000000eeb00000,0x00000000eeb00000,0x00000000eed80000)
 ParOldGen       total 44032K, used 15776K [0x00000000c0000000, 0x00000000c2b00000, 0x00000000eab00000)
  object space 44032K, 35% used [0x00000000c0000000,0x00000000c0f68220,0x00000000c2b00000)
 Metaspace       used 6229K, capacity 7152K, committed 7296K, reserved 1056768K
  class space    used 601K, capacity 616K, committed 640K, reserved 1048576K
}
Event: 29.230 GC heap before
{Heap before GC invocations=5 (full 0):
 PSYoungGen      total 68096K, used 68068K [0x00000000eab00000, 0x00000000ef000000, 0x0000000100000000)
  eden space 65536K, 100% used [0x00000000eab00000,0x00000000eeb00000,0x00000000eeb00000)
  from space 2560K, 98% used [0x00000000eed80000,0x00000000eeff91a8,0x00000000ef000000)
  to   space 2560K, 0% used [0x00000000eeb00000,0x00000000eeb00000,0x00000000eed80000)
 ParOldGen       total 44032K, used 15778K [0x00000000c0000000, 0x00000000c2b00000, 0x00000000eab00000)
  object space 44032K, 35% used [0x00000000c0000000,0x00000000c0f68890,0x00000000c2b00000)
 Metaspace       used 6292K, capacity 7216K, committed 7296K, reserved 1056768K
  class space    used 601K, capacity 616K, committed 640K, reserved 1048576K
Event: 29.264 GC heap after
Heap after GC invocations=5 (full 0):
 PSYoungGen      total 68096K, used 2553K [0x00000000eab00000, 0x00000000f4500000, 0x0000000100000000)
  eden space 65536K, 0% used [0x00000000eab00000,0x00000000eab00000,0x00000000eeb00000)
  from space 2560K, 99% used [0x00000000eeb00000,0x00000000eed7e4f0,0x00000000eed80000)
  to   space 13312K, 0% used [0x00000000f3800000,0x00000000f3800000,0x00000000f4500000)
 ParOldGen       total 44032K, used 25806K [0x00000000c0000000, 0x00000000c2b00000, 0x00000000eab00000)
  object space 44032K, 58% used [0x00000000c0000000,0x00000000c1933930,0x00000000c2b00000)
 Metaspace       used 6292K, capacity 7216K, committed 7296K, reserved 1056768K
  class space    used 601K, capacity 616K, committed 640K, reserved 1048576K
}
Event: 31.818 GC heap before
{Heap before GC invocations=6 (full 0):
 PSYoungGen      total 68096K, used 68089K [0x00000000eab00000, 0x00000000f4500000, 0x0000000100000000)
  eden space 65536K, 100% used [0x00000000eab00000,0x00000000eeb00000,0x00000000eeb00000)
  from space 2560K, 99% used [0x00000000eeb00000,0x00000000eed7e4f0,0x00000000eed80000)
  to   space 13312K, 0% used [0x00000000f3800000,0x00000000f3800000,0x00000000f4500000)
 ParOldGen       total 44032K, used 25806K [0x00000000c0000000, 0x00000000c2b00000, 0x00000000eab00000)
  object space 44032K, 58% used [0x00000000c0000000,0x00000000c1933930,0x00000000c2b00000)
 Metaspace       used 6398K, capacity 7256K, committed 7424K, reserved 1056768K
  class space    used 622K, capacity 656K, committed 768K, reserved 1048576K
Event: 32.119 GC heap after
Heap after GC invocations=6 (full 0):
 PSYoungGen      total 142848K, used 12190K [0x00000000eab00000, 0x00000000f4800000, 0x0000000100000000)
  eden space 129536K, 0% used [0x00000000eab00000,0x00000000eab00000,0x00000000f2980000)
  from space 13312K, 91% used [0x00000000f3800000,0x00000000f43e7b08,0x00000000f4500000)
  to   space 14848K, 0% used [0x00000000f2980000,0x00000000f2980000,0x00000000f3800000)
 ParOldGen       total 44032K, used 25806K [0x00000000c0000000, 0x00000000c2b00000, 0x00000000eab00000)
  object space 44032K, 58% used [0x00000000c0000000,0x00000000c1933930,0x00000000c2b00000)
 Metaspace       used 6398K, capacity 7256K, committed 7424K, reserved 1056768K
  class space    used 622K, capacity 656K, committed 768K, reserved 1048576K
}

Deoptimization events (10 events):
Event: 36.035 Thread 0x00000000569cf800 Uncommon trap: reason=unstable_if action=reinterpret pc=0x00000000031e2c48 method=java.util.HashMap.putVal(ILjava/lang/Object;Ljava/lang/Object;ZZ)Ljava/lang/Object; @ 109
Event: 36.044 Thread 0x00000000569cf800 Uncommon trap: reason=unstable_if action=reinterpret pc=0x0000000002e0135c method=com.android.dx.rop.cst.CstNat.equals(Ljava/lang/Object;)Z @ 25
Event: 38.504 Thread 0x00000000569a1000 Uncommon trap: reason=class_check action=maybe_recompile pc=0x0000000002f777d8 method=com.android.dx.ssa.SCCP.simulateBranch(Lcom/android/dx/ssa/SsaInsn;)V @ 145
Event: 38.504 Thread 0x00000000569a1000 Uncommon trap: reason=unstable_if action=reinterpret pc=0x000000000327aa30 method=com.android.dx.ssa.SCCP.replaceBranches()V @ 14
Event: 39.368 Thread 0x00000000569a1000 Uncommon trap: reason=class_check action=maybe_recompile pc=0x0000000003294f6c method=com.android.dx.ssa.back.FirstFitLocalCombiningAllocator.findNextUnreservedRopReg(IILcom/android/dx/ssa/back/FirstFitLocalCombiningAllocator$Alignment;)I @ 60
Event: 39.368 Thread 0x00000000569a1000 Uncommon trap: reason=class_check action=maybe_recompile pc=0x0000000003294f6c method=com.android.dx.ssa.back.FirstFitLocalCombiningAllocator.findNextUnreservedRopReg(IILcom/android/dx/ssa/back/FirstFitLocalCombiningAllocator$Alignment;)I @ 60
Event: 39.425 Thread 0x00000000569a1000 Uncommon trap: reason=bimorphic action=maybe_recompile pc=0x000000000319f440 method=com.android.dx.cf.code.BytecodeArray.parseInstruction(ILcom/android/dx/cf/code/BytecodeArray$Visitor;)I @ 1549
Event: 39.425 Thread 0x00000000569a1000 Uncommon trap: reason=bimorphic action=maybe_recompile pc=0x000000000319f440 method=com.android.dx.cf.code.BytecodeArray.parseInstruction(ILcom/android/dx/cf/code/BytecodeArray$Visitor;)I @ 1549
Event: 40.594 Thread 0x00000000569a1000 Uncommon trap: reason=bimorphic action=maybe_recompile pc=0x00000000033325f0 method=com.android.dx.cf.code.BytecodeArray.parseInstruction(ILcom/android/dx/cf/code/BytecodeArray$Visitor;)I @ 1287
Event: 40.595 Thread 0x00000000569a1000 Uncommon trap: reason=bimorphic action=maybe_recompile pc=0x00000000033325f0 method=com.android.dx.cf.code.BytecodeArray.parseInstruction(ILcom/android/dx/cf/code/BytecodeArray$Visitor;)I @ 1287

Internal exceptions (6 events):
Event: 2.163 Thread 0x000000000224e800 Exception <a 'java/lang/NoSuchMethodError': Method sun.misc.Unsafe.defineClass(Ljava/lang/String;[BII)Ljava/lang/Class; name or signature does not match> (0x00000000eab07cc0) thrown at [D:\re\workspace\8-2-build-windows-amd64-cygwin\jdk8u77\6540\hotspot\srÂUÎ´N@
Event: 2.163 Thread 0x000000000224e800 Exception <a 'java/lang/NoSuchMethodError': Method sun.misc.Unsafe.prefetchRead(Ljava/lang/Object;J)V name or signature does not match> (0x00000000eab07fa8) thrown at [D:\re\workspace\8-2-build-windows-amd64-cygwin\jdk8u77\6540\hotspot\src\share\vm\prims\j«/•íÜÄ8@
Event: 24.769 Thread 0x00000000569cf800 Implicit null exception at 0x0000000002bd1071 to 0x0000000002bd4c15
Event: 29.412 Thread 0x00000000569cf800 Exception <a 'java/lang/ArrayIndexOutOfBoundsException': 18> (0x00000000eb8ee758) thrown at [D:\re\workspace\8-2-build-windows-amd64-cygwin\jdk8u77\6540\hotspot\src\share\vm\interpreter\interpreterRuntime.cpp, line 366]
Event: 29.419 Thread 0x00000000569cf800 Exception <a 'java/lang/ArrayIndexOutOfBoundsException': 145> (0x00000000eb8f02d8) thrown at [D:\re\workspace\8-2-build-windows-amd64-cygwin\jdk8u77\6540\hotspot\src\share\vm\interpreter\interpreterRuntime.cpp, line 366]
Event: 29.420 Thread 0x00000000569cf800 Exception <a 'java/lang/ArrayIndexOutOfBoundsException'> (0x00000000eb8f15c0) thrown at [D:\re\workspace\8-2-build-windows-amd64-cygwin\jdk8u77\6540\hotspot\src\share\vm\runtime\sharedRuntime.cpp, line 605]

Events (10 events):
Event: 42.802 Thread 0x00000000569cf800 DEOPT PACKING pc=0x00000000032c61e1 sp=0x000000005761eb20
Event: 42.802 Thread 0x00000000569cf800 DEOPT UNPACKING pc=0x000000000289747f sp=0x000000005761e8b0 mode 0
Event: 42.855 Thread 0x00000000569cf800 DEOPT PACKING pc=0x00000000032c6271 sp=0x000000005761ea70
Event: 42.855 Thread 0x00000000569cf800 DEOPT UNPACKING pc=0x000000000289747f sp=0x000000005761e800 mode 0
Event: 42.900 Thread 0x00000000569cf800 DEOPT PACKING pc=0x0000000002d171dc sp=0x000000005761eb30
Event: 42.901 Thread 0x00000000569cf800 DEOPT UNPACKING pc=0x000000000289747f sp=0x000000005761e8f0 mode 0
Event: 43.558 Thread 0x000000005699e800 DEOPT PACKING pc=0x000000000307b8d9 sp=0x000000005773eb10
Event: 43.558 Thread 0x000000005699e800 DEOPT UNPACKING pc=0x000000000289747f sp=0x000000005773e8a0 mode 0
Event: 44.121 Thread 0x00000000569a1000 DEOPT PACKING pc=0x00000000032c6271 sp=0x000000005786e910
Event: 44.121 Thread 0x00000000569a1000 DEOPT UNPACKING pc=0x000000000289747f sp=0x000000005786e6a0 mode 0


Dynamic libraries:
0x000000013fa20000 - 0x000000013fa57000 	C:\Program Files\Java\jdk1.8.0_77\bin\java.exe
0x0000000077bc0000 - 0x0000000077d6a000 	C:\Windows\SYSTEM32\ntdll.dll
0x00000000779a0000 - 0x0000000077abf000 	C:\Windows\system32\kernel32.dll
0x000007fefda60000 - 0x000007fefdaca000 	C:\Windows\system32\KERNELBASE.dll
0x000007feff710000 - 0x000007feff7eb000 	C:\Windows\system32\ADVAPI32.dll
0x000007fefefe0000 - 0x000007feff07f000 	C:\Windows\system32\msvcrt.dll
0x000007feff080000 - 0x000007feff09f000 	C:\Windows\SYSTEM32\sechost.dll
0x000007feff7f0000 - 0x000007feff91d000 	C:\Windows\system32\RPCRT4.dll
0x0000000077ac0000 - 0x0000000077bba000 	C:\Windows\system32\USER32.dll
0x000007feffe00000 - 0x000007feffe67000 	C:\Windows\system32\GDI32.dll
0x000007feff0a0000 - 0x000007feff0ae000 	C:\Windows\system32\LPK.dll
0x000007feffbf0000 - 0x000007feffcba000 	C:\Windows\system32\USP10.dll
0x000007fefc080000 - 0x000007fefc274000 	C:\Windows\WinSxS\amd64_microsoft.windows.common-controls_6595b64144ccf1df_6.0.7601.18837_none_fa3b1e3d17594757\COMCTL32.dll
0x000007feff690000 - 0x000007feff701000 	C:\Windows\system32\SHLWAPI.dll
0x000007feffdd0000 - 0x000007feffdfe000 	C:\Windows\system32\IMM32.DLL
0x000007feffcc0000 - 0x000007feffdc9000 	C:\Windows\system32\MSCTF.dll
0x000000006b2b0000 - 0x000000006b382000 	C:\Program Files\Java\jdk1.8.0_77\jre\bin\msvcr100.dll
0x0000000068760000 - 0x0000000068ff0000 	C:\Program Files\Java\jdk1.8.0_77\jre\bin\server\jvm.dll
0x000007fef27c0000 - 0x000007fef27c9000 	C:\Windows\system32\WSOCK32.dll
0x000007fefdc60000 - 0x000007fefdcad000 	C:\Windows\system32\WS2_32.dll
0x000007feff680000 - 0x000007feff688000 	C:\Windows\system32\NSI.dll
0x000007fefb820000 - 0x000007fefb85b000 	C:\Windows\system32\WINMM.dll
0x000007fefc970000 - 0x000007fefc97c000 	C:\Windows\system32\VERSION.dll
0x0000000077d80000 - 0x0000000077d87000 	C:\Windows\system32\PSAPI.DLL
0x00000000749c0000 - 0x00000000749cf000 	C:\Program Files\Java\jdk1.8.0_77\jre\bin\verify.dll
0x000000006ccd0000 - 0x000000006ccf9000 	C:\Program Files\Java\jdk1.8.0_77\jre\bin\java.dll
0x00000000746e0000 - 0x00000000746f6000 	C:\Program Files\Java\jdk1.8.0_77\jre\bin\zip.dll
0x000007fefdd30000 - 0x000007fefeab9000 	C:\Windows\system32\SHELL32.dll
0x000007fefeac0000 - 0x000007fefecc3000 	C:\Windows\system32\ole32.dll
0x000007fefd8a0000 - 0x000007fefd8af000 	C:\Windows\system32\profapi.dll

VM Arguments:
jvm_args: -Djava.awt.headless=true -Xmx1024M -Dfile.encoding=windows-1256 -Duser.country=US -Duser.language=en -Duser.variant 
java_command: com.android.dx.command.Main --dex --num-threads=4 --output C:\Users\AL-Motahida\Downloads\Compressed\and-nd-firebase-1.00-starting-point\app\build\intermediates\transforms\preDex\release\4.jar --min-sdk-version 16 C:\Users\AL-Motahida\.gradle\caches\transforms-1\files-1.1\appcompat-v7-27.1.1.aar\1429cfcd34bfa12255bc5df0f02b816f\jars\classes.jar
java_class_path (initial): D:\sdk\build-tools\27.0.3\lib\dx.jar
Launcher Type: SUN_STANDARD

Environment Variables:
PATH=C:\Ruby22-x64\bin;D:\oracal\OracleXE112_Win32\DISK1\setupFolder\app\oracle\product\11.2.0\server\bin;C:\ProgramData\Oracle\Java\javapath;C:\Windows\system32;C:\Windows;C:\Windows\System32\Wbem;C:\Windows\System32\WindowsPowerShell\v1.0\;C:\Program Files\Microsoft SQL Server\110\Tools\Binn\;C:\Program Files\Git\cmd
USERNAME=AL-Motahida
OS=Windows_NT
PROCESSOR_IDENTIFIER=Intel64 Family 6 Model 37 Stepping 5, GenuineIntel



---------------  S Y S T E M  ---------------

OS: Windows 7 , 64 bit Build 7601 (6.1.7601.23677)

CPU:total 4 (2 cores per cpu, 2 threads per core) family 6 model 37 stepping 5, cmov, cx8, fxsr, mmx, sse, sse2, sse3, ssse3, sse4.1, sse4.2, popcnt, aes, clmul, ht, tsc, tscinvbit

Memory: 4k page, physical 4118384k(237664k free), swap 16471676k(4112k free)

vm_info: Java HotSpot(TM) 64-Bit Server VM (25.77-b03) for windows-amd64 JRE (1.8.0_77-b03), built on Mar 20 2016 22:01:33 by "java_re" with MS VC++ 10.0 (VS2010)

time: Thu Jun 21 19:39:40 2018
elapsed time: 44 seconds (0d 0h 0m 44s)

