#
# There is insufficient memory for the Java Runtime Environment to continue.
# Native memory allocation (malloc) failed to allocate 1085536 bytes for Chunk::new
# Possible reasons:
#   The system is out of physical RAM or swap space
#   In 32 bit mode, the process size limit was hit
# Possible solutions:
#   Reduce memory load on the system
#   Increase physical memory or swap space
#   Check if swap backing store is full
#   Use 64 bit Java on a 64 bit OS
#   Decrease Java heap size (-Xmx/-Xms)
#   Decrease number of Java threads
#   Decrease Java thread stack sizes (-Xss)
#   Set larger code cache with -XX:ReservedCodeCacheSize=
# This output file may be truncated or incomplete.
#
#  Out of Memory Error (allocation.cpp:390), pid=21972, tid=21276
#
# JRE version: Java(TM) SE Runtime Environment (8.0_77-b03) (build 1.8.0_77-b03)
# Java VM: Java HotSpot(TM) 64-Bit Server VM (25.77-b03 mixed mode windows-amd64 compressed oops)
# Failed to write core dump. Minidumps are not enabled by default on client versions of Windows
#

---------------  T H R E A D  ---------------

Current thread (0x000000005649a000):  JavaThread "C2 CompilerThread1" daemon [_thread_in_native, id=21276, stack(0x0000000056e10000,0x0000000056f10000)]

Stack: [0x0000000056e10000,0x0000000056f10000]
[error occurred during error reporting (printing stack bounds), id 0xc0000005]

Native frames: (J=compiled Java code, j=interpreted, Vv=VM code, C=native code)


Current CompileTask:
C2:  15120 1692       4       com.android.dx.dex.code.RopToDop::dopFor (808 bytes)


---------------  P R O C E S S  ---------------

Java Threads: ( => current thread )
  0x0000000056746000 JavaThread "pool-1-thread-4" [_thread_in_vm_trans, id=17632, stack(0x0000000057800000,0x0000000057900000)]
  0x00000000567bc800 JavaThread "pool-1-thread-3" [_thread_blocked, id=20296, stack(0x0000000057530000,0x0000000057630000)]
  0x00000000567ba800 JavaThread "pool-1-thread-2" [_thread_blocked, id=11164, stack(0x0000000057320000,0x0000000057420000)]
  0x00000000567a4800 JavaThread "pool-2-thread-1" [_thread_blocked, id=16532, stack(0x0000000057430000,0x0000000057530000)]
  0x00000000567a4000 JavaThread "pool-1-thread-1" [_thread_blocked, id=19352, stack(0x0000000057070000,0x0000000057170000)]
  0x0000000056500000 JavaThread "Service Thread" daemon [_thread_blocked, id=15060, stack(0x0000000056f70000,0x0000000057070000)]
  0x00000000564ab800 JavaThread "C1 CompilerThread2" daemon [_thread_blocked, id=21544, stack(0x0000000056cf0000,0x0000000056df0000)]
=>0x000000005649a000 JavaThread "C2 CompilerThread1" daemon [_thread_in_native, id=21276, stack(0x0000000056e10000,0x0000000056f10000)]
  0x0000000056495800 JavaThread "C2 CompilerThread0" daemon [_thread_in_native, id=18540, stack(0x00000000569f0000,0x0000000056af0000)]
  0x0000000056492800 JavaThread "Attach Listener" daemon [_thread_blocked, id=17708, stack(0x0000000056bc0000,0x0000000056cc0000)]
  0x000000005517c800 JavaThread "Signal Dispatcher" daemon [_thread_blocked, id=20052, stack(0x00000000568e0000,0x00000000569e0000)]
  0x0000000055164000 JavaThread "Finalizer" daemon [_thread_blocked, id=14880, stack(0x0000000056390000,0x0000000056490000)]
  0x0000000055122800 JavaThread "Reference Handler" daemon [_thread_blocked, id=17144, stack(0x0000000056240000,0x0000000056340000)]
  0x000000000044e800 JavaThread "main" [_thread_blocked, id=20016, stack(0x00000000024f0000,0x00000000025f0000)]

Other Threads:
  0x000000005511b000 VMThread [stack: 0x0000000055f90000,0x0000000056090000] [id=20336]
  0x000000005651d000 WatcherThread [stack: 0x00000000571f0000,0x00000000572f0000] [id=21292]

VM state:not at safepoint (normal execution)

VM Mutex/Monitor currently owned by a thread: None

Heap:
 PSYoungGen      total 35328K, used 15631K [0x00000000eab00000, 0x00000000ef000000, 0x0000000100000000)
  eden space 32768K, 39% used [0x00000000eab00000,0x00000000eb7cbc48,0x00000000ecb00000)
  from space 2560K, 98% used [0x00000000ecb00000,0x00000000ecd78028,0x00000000ecd80000)
  to   space 2560K, 0% used [0x00000000eed80000,0x00000000eed80000,0x00000000ef000000)
 ParOldGen       total 44032K, used 8302K [0x00000000c0000000, 0x00000000c2b00000, 0x00000000eab00000)
  object space 44032K, 18% used [0x00000000c0000000,0x00000000c081b830,0x00000000c2b00000)
 Metaspace       used 6382K, capacity 7160K, committed 7296K, reserved 1056768K
  class space    used 611K, capacity 624K, committed 640K, reserved 1048576K

Card table byte_map: [0x0000000011c80000,0x0000000011e90000] byte_map_base: 0x0000000011680000

Marking Bits: (ParMarkBitMap*) 0x0000000068f70600
 Begin Bits: [0x0000000012590000, 0x0000000013590000)
 End Bits:   [0x0000000013590000, 0x0000000014590000)

Polling page: 0x0000000000240000

CodeCache: size=245760Kb used=7272Kb max_used=7273Kb free=238487Kb
 bounds [0x00000000028c0000, 0x0000000002ff0000, 0x00000000118c0000]
 total_blobs=1957 nmethods=1684 adapters=186
 compilation: enabled

Compilation events (10 events):
Event: 15.022 Thread 0x00000000564ab800 nmethod 1704 0x0000000002fccc50 code [0x0000000002fcd840, 0x0000000002fd5a08]
Event: 15.083 Thread 0x0000000056495800 1705       4       com.android.dx.rop.cst.CstString::hashCode (8 bytes)
Event: 15.086 Thread 0x0000000056495800 nmethod 1705 0x0000000002fc9bd0 code [0x0000000002fc9d00, 0x0000000002fc9e58]
Event: 15.087 Thread 0x0000000056495800 1707 %     4       com.android.dx.ssa.SsaConverter::placePhiFunctions @ 131 (394 bytes)
Event: 15.088 Thread 0x00000000564ab800 1708       3       com.android.dx.rop.annotation.Annotations::add (75 bytes)
Event: 15.090 Thread 0x00000000564ab800 nmethod 1708 0x0000000002fdec90 code [0x0000000002fdef00, 0x0000000002fdfde8]
Event: 15.090 Thread 0x00000000564ab800 1709       3       com.android.dx.dex.file.AnnotationItem::addContents (27 bytes)
Event: 15.090 Thread 0x00000000564ab800 nmethod 1709 0x0000000002fde650 code [0x0000000002fde7c0, 0x0000000002fdeb58]
Event: 15.090 Thread 0x00000000564ab800 1710       3       com.android.dx.rop.annotation.Annotation::getNameValuePairs (11 bytes)
Event: 15.091 Thread 0x00000000564ab800 nmethod 1710 0x0000000002fddb10 code [0x0000000002fddcc0, 0x0000000002fde2e8]

GC Heap History (6 events):
Event: 2.589 GC heap before
{Heap before GC invocations=1 (full 0):
 PSYoungGen      total 18944K, used 16384K [0x00000000eab00000, 0x00000000ec000000, 0x0000000100000000)
  eden space 16384K, 100% used [0x00000000eab00000,0x00000000ebb00000,0x00000000ebb00000)
  from space 2560K, 0% used [0x00000000ebd80000,0x00000000ebd80000,0x00000000ec000000)
  to   space 2560K, 0% used [0x00000000ebb00000,0x00000000ebb00000,0x00000000ebd80000)
 ParOldGen       total 44032K, used 0K [0x00000000c0000000, 0x00000000c2b00000, 0x00000000eab00000)
  object space 44032K, 0% used [0x00000000c0000000,0x00000000c0000000,0x00000000c2b00000)
 Metaspace       used 5629K, capacity 6516K, committed 6784K, reserved 1056768K
  class space    used 603K, capacity 620K, committed 640K, reserved 1048576K
Event: 3.180 GC heap after
Heap after GC invocations=1 (full 0):
 PSYoungGen      total 18944K, used 2544K [0x00000000eab00000, 0x00000000ed000000, 0x0000000100000000)
  eden space 16384K, 0% used [0x00000000eab00000,0x00000000eab00000,0x00000000ebb00000)
  from space 2560K, 99% used [0x00000000ebb00000,0x00000000ebd7c258,0x00000000ebd80000)
  to   space 2560K, 0% used [0x00000000ecd80000,0x00000000ecd80000,0x00000000ed000000)
 ParOldGen       total 44032K, used 1231K [0x00000000c0000000, 0x00000000c2b00000, 0x00000000eab00000)
  object space 44032K, 2% used [0x00000000c0000000,0x00000000c0133d00,0x00000000c2b00000)
 Metaspace       used 5629K, capacity 6516K, committed 6784K, reserved 1056768K
  class space    used 603K, capacity 620K, committed 640K, reserved 1048576K
}
Event: 4.147 GC heap before
{Heap before GC invocations=2 (full 0):
 PSYoungGen      total 18944K, used 18928K [0x00000000eab00000, 0x00000000ed000000, 0x0000000100000000)
  eden space 16384K, 100% used [0x00000000eab00000,0x00000000ebb00000,0x00000000ebb00000)
  from space 2560K, 99% used [0x00000000ebb00000,0x00000000ebd7c258,0x00000000ebd80000)
  to   space 2560K, 0% used [0x00000000ecd80000,0x00000000ecd80000,0x00000000ed000000)
 ParOldGen       total 44032K, used 1231K [0x00000000c0000000, 0x00000000c2b00000, 0x00000000eab00000)
  object space 44032K, 2% used [0x00000000c0000000,0x00000000c0133d00,0x00000000c2b00000)
 Metaspace       used 6062K, capacity 6904K, committed 7040K, reserved 1056768K
  class space    used 610K, capacity 624K, committed 640K, reserved 1048576K
Event: 6.383 GC heap after
Heap after GC invocations=2 (full 0):
 PSYoungGen      total 35328K, used 2528K [0x00000000eab00000, 0x00000000ed000000, 0x0000000100000000)
  eden space 32768K, 0% used [0x00000000eab00000,0x00000000eab00000,0x00000000ecb00000)
  from space 2560K, 98% used [0x00000000ecd80000,0x00000000ecff8018,0x00000000ed000000)
  to   space 2560K, 0% used [0x00000000ecb00000,0x00000000ecb00000,0x00000000ecd80000)
 ParOldGen       total 44032K, used 3325K [0x00000000c0000000, 0x00000000c2b00000, 0x00000000eab00000)
  object space 44032K, 7% used [0x00000000c0000000,0x00000000c033f6f0,0x00000000c2b00000)
 Metaspace       used 6062K, capacity 6904K, committed 7040K, reserved 1056768K
  class space    used 610K, capacity 624K, committed 640K, reserved 1048576K
}
Event: 14.055 GC heap before
{Heap before GC invocations=3 (full 0):
 PSYoungGen      total 35328K, used 35296K [0x00000000eab00000, 0x00000000ed000000, 0x0000000100000000)
  eden space 32768K, 100% used [0x00000000eab00000,0x00000000ecb00000,0x00000000ecb00000)
  from space 2560K, 98% used [0x00000000ecd80000,0x00000000ecff8018,0x00000000ed000000)
  to   space 2560K, 0% used [0x00000000ecb00000,0x00000000ecb00000,0x00000000ecd80000)
 ParOldGen       total 44032K, used 3325K [0x00000000c0000000, 0x00000000c2b00000, 0x00000000eab00000)
  object space 44032K, 7% used [0x00000000c0000000,0x00000000c033f6f0,0x00000000c2b00000)
 Metaspace       used 6349K, capacity 7160K, committed 7296K, reserved 1056768K
  class space    used 611K, capacity 624K, committed 640K, reserved 1048576K
Event: 14.150 GC heap after
Heap after GC invocations=3 (full 0):
 PSYoungGen      total 35328K, used 2528K [0x00000000eab00000, 0x00000000ef000000, 0x0000000100000000)
  eden space 32768K, 0% used [0x00000000eab00000,0x00000000eab00000,0x00000000ecb00000)
  from space 2560K, 98% used [0x00000000ecb00000,0x00000000ecd78028,0x00000000ecd80000)
  to   space 2560K, 0% used [0x00000000eed80000,0x00000000eed80000,0x00000000ef000000)
 ParOldGen       total 44032K, used 8302K [0x00000000c0000000, 0x00000000c2b00000, 0x00000000eab00000)
  object space 44032K, 18% used [0x00000000c0000000,0x00000000c081b830,0x00000000c2b00000)
 Metaspace       used 6349K, capacity 7160K, committed 7296K, reserved 1056768K
  class space    used 611K, capacity 624K, committed 640K, reserved 1048576K
}

Deoptimization events (10 events):
Event: 10.033 Thread 0x000000000044e800 Uncommon trap: reason=bimorphic action=maybe_recompile pc=0x0000000002d6f664 method=com.android.dx.ssa.SCCP.setLatticeValueTo(IILcom/android/dx/rop/cst/Constant;)Z @ 43
Event: 10.033 Thread 0x000000000044e800 Uncommon trap: reason=bimorphic action=maybe_recompile pc=0x0000000002d6f664 method=com.android.dx.ssa.SCCP.setLatticeValueTo(IILcom/android/dx/rop/cst/Constant;)Z @ 43
Event: 10.040 Thread 0x000000000044e800 Uncommon trap: reason=bimorphic action=maybe_recompile pc=0x0000000002d6f664 method=com.android.dx.ssa.SCCP.setLatticeValueTo(IILcom/android/dx/rop/cst/Constant;)Z @ 43
Event: 10.040 Thread 0x000000000044e800 Uncommon trap: reason=bimorphic action=maybe_recompile pc=0x0000000002d6f664 method=com.android.dx.ssa.SCCP.setLatticeValueTo(IILcom/android/dx/rop/cst/Constant;)Z @ 43
Event: 10.170 Thread 0x000000000044e800 Uncommon trap: reason=bimorphic action=maybe_recompile pc=0x0000000002c66ab0 method=com.android.dx.cf.code.BytecodeArray.parseInstruction(ILcom/android/dx/cf/code/BytecodeArray$Visitor;)I @ 2135
Event: 10.171 Thread 0x000000000044e800 Uncommon trap: reason=bimorphic action=maybe_recompile pc=0x0000000002c66ab0 method=com.android.dx.cf.code.BytecodeArray.parseInstruction(ILcom/android/dx/cf/code/BytecodeArray$Visitor;)I @ 2135
Event: 10.201 Thread 0x000000000044e800 Uncommon trap: reason=unstable_if action=reinterpret pc=0x0000000002c5f714 method=com.android.dx.ssa.SCCP.simulateStmt(Lcom/android/dx/ssa/SsaInsn;)V @ 53
Event: 14.051 Thread 0x00000000567a4000 Uncommon trap: reason=unstable_if action=reinterpret pc=0x0000000002ee2b50 method=com.android.dx.cf.code.ByteCatchList.listFor(I)Lcom/android/dx/cf/code/ByteCatchList; @ 47
Event: 14.858 Thread 0x000000000044e800 Uncommon trap: reason=unstable_if action=reinterpret pc=0x0000000002fba3e0 method=java.util.concurrent.ConcurrentHashMap.get(Ljava/lang/Object;)Ljava/lang/Object; @ 127
Event: 15.009 Thread 0x000000000044e800 Uncommon trap: reason=unstable_if action=reinterpret pc=0x0000000002ebdfa4 method=java.util.concurrent.ConcurrentHashMap.get(Ljava/lang/Object;)Ljava/lang/Object; @ 127

Internal exceptions (3 events):
Event: 0.804 Thread 0x000000000044e800 Exception <a 'java/lang/NoSuchMethodError': Method sun.misc.Unsafe.defineClass(Ljava/lang/String;[BII)Ljava/lang/Class; name or signature does not match> (0x00000000eab07cc0) thrown at [D:\re\workspace\8-2-build-windows-amd64-cygwin\jdk8u77\6540\hotspot\srV UèºΩÈ?
Event: 0.804 Thread 0x000000000044e800 Exception <a 'java/lang/NoSuchMethodError': Method sun.misc.Unsafe.prefetchRead(Ljava/lang/Object;J)V name or signature does not match> (0x00000000eab07fa8) thrown at [D:\re\workspace\8-2-build-windows-amd64-cygwin\jdk8u77\6540\hotspot\src\share\vm\prims\jøPëÎºµ@
Event: 6.427 Thread 0x000000000044e800 Implicit null exception at 0x0000000002b914d2 to 0x0000000002b915c2

Events (10 events):
Event: 14.952 Executing VM operation: RevokeBias done
Event: 14.953 Executing VM operation: RevokeBias
Event: 14.953 Executing VM operation: RevokeBias done
Event: 15.009 Thread 0x000000000044e800 Uncommon trap: trap_request=0xffffff65 fr.pc=0x0000000002ebdfa4
Event: 15.009 Thread 0x000000000044e800 DEOPT PACKING pc=0x0000000002ebdfa4 sp=0x00000000025ee690
Event: 15.009 Thread 0x000000000044e800 DEOPT UNPACKING pc=0x000000000290582a sp=0x00000000025ee4a0 mode 2
Event: 15.024 Executing VM operation: RevokeBias
Event: 15.037 Executing VM operation: RevokeBias done
Event: 15.089 Executing VM operation: RevokeBias
Event: 15.090 Executing VM operation: RevokeBias done


Dynamic libraries:
0x000000013fa20000 - 0x000000013fa57000 	C:\Program Files\Java\jdk1.8.0_77\bin\java.exe
0x0000000077bc0000 - 0x0000000077d6a000 	C:\Windows\SYSTEM32\ntdll.dll
0x00000000779a0000 - 0x0000000077abf000 	C:\Windows\system32\kernel32.dll
0x000007fefda60000 - 0x000007fefdaca000 	C:\Windows\system32\KERNELBASE.dll
0x000007feff710000 - 0x000007feff7eb000 	C:\Windows\system32\ADVAPI32.dll
0x000007fefefe0000 - 0x000007feff07f000 	C:\Windows\system32\msvcrt.dll
0x000007feff080000 - 0x000007feff09f000 	C:\Windows\SYSTEM32\sechost.dll
0x000007feff7f0000 - 0x000007feff91d000 	C:\Windows\system32\RPCRT4.dll
0x0000000077ac0000 - 0x0000000077bba000 	C:\Windows\system32\USER32.dll
0x000007feffe00000 - 0x000007feffe67000 	C:\Windows\system32\GDI32.dll
0x000007feff0a0000 - 0x000007feff0ae000 	C:\Windows\system32\LPK.dll
0x000007feffbf0000 - 0x000007feffcba000 	C:\Windows\system32\USP10.dll
0x000007fefc080000 - 0x000007fefc274000 	C:\Windows\WinSxS\amd64_microsoft.windows.common-controls_6595b64144ccf1df_6.0.7601.18837_none_fa3b1e3d17594757\COMCTL32.dll
0x000007feff690000 - 0x000007feff701000 	C:\Windows\system32\SHLWAPI.dll
0x000007feffdd0000 - 0x000007feffdfe000 	C:\Windows\system32\IMM32.DLL
0x000007feffcc0000 - 0x000007feffdc9000 	C:\Windows\system32\MSCTF.dll
0x000000006b2b0000 - 0x000000006b382000 	C:\Program Files\Java\jdk1.8.0_77\jre\bin\msvcr100.dll
0x0000000068760000 - 0x0000000068ff0000 	C:\Program Files\Java\jdk1.8.0_77\jre\bin\server\jvm.dll
0x000007fef27c0000 - 0x000007fef27c9000 	C:\Windows\system32\WSOCK32.dll
0x000007fefdc60000 - 0x000007fefdcad000 	C:\Windows\system32\WS2_32.dll
0x000007feff680000 - 0x000007feff688000 	C:\Windows\system32\NSI.dll
0x000007fefb820000 - 0x000007fefb85b000 	C:\Windows\system32\WINMM.dll
0x000007fefc970000 - 0x000007fefc97c000 	C:\Windows\system32\VERSION.dll
0x0000000077d80000 - 0x0000000077d87000 	C:\Windows\system32\PSAPI.DLL
0x00000000749c0000 - 0x00000000749cf000 	C:\Program Files\Java\jdk1.8.0_77\jre\bin\verify.dll
0x000000006ccd0000 - 0x000000006ccf9000 	C:\Program Files\Java\jdk1.8.0_77\jre\bin\java.dll
0x00000000746e0000 - 0x00000000746f6000 	C:\Program Files\Java\jdk1.8.0_77\jre\bin\zip.dll
0x000007fefdd30000 - 0x000007fefeab9000 	C:\Windows\system32\SHELL32.dll
0x000007fefeac0000 - 0x000007fefecc3000 	C:\Windows\system32\ole32.dll
0x000007fefd8a0000 - 0x000007fefd8af000 	C:\Windows\system32\profapi.dll

VM Arguments:
jvm_args: -Djava.awt.headless=true -Xmx1024M -Dfile.encoding=windows-1256 -Duser.country=US -Duser.language=en -Duser.variant 
java_command: com.android.dx.command.Main --dex --num-threads=4 --output C:\Users\AL-Motahida\Downloads\Compressed\and-nd-firebase-1.00-starting-point\app\build\intermediates\transforms\preDex\release\23.jar --min-sdk-version 16 C:\Users\AL-Motahida\.gradle\caches\transforms-1\files-1.1\play-services-basement-12.0.1.aar\45975bc2d1866bbd3e99d7cee855e430\jars\classes.jar
java_class_path (initial): D:\sdk\build-tools\27.0.3\lib\dx.jar
Launcher Type: SUN_STANDARD

Environment Variables:
PATH=C:\Ruby22-x64\bin;D:\oracal\OracleXE112_Win32\DISK1\setupFolder\app\oracle\product\11.2.0\server\bin;C:\ProgramData\Oracle\Java\javapath;C:\Windows\system32;C:\Windows;C:\Windows\System32\Wbem;C:\Windows\System32\WindowsPowerShell\v1.0\;C:\Program Files\Microsoft SQL Server\110\Tools\Binn\;C:\Program Files\Git\cmd
USERNAME=AL-Motahida
OS=Windows_NT
PROCESSOR_IDENTIFIER=Intel64 Family 6 Model 37 Stepping 5, GenuineIntel



---------------  S Y S T E M  ---------------

OS: Windows 7 , 64 bit Build 7601 (6.1.7601.23677)

CPU:total 4 (2 cores per cpu, 2 threads per core) family 6 model 37 stepping 5, cmov, cx8, fxsr, mmx, sse, sse2, sse3, ssse3, sse4.1, sse4.2, popcnt, aes, clmul, ht, tsc, tscinvbit

Memory: 4k page, physical 4118384k(236536k free), swap 16471676k(3700k free)

vm_info: Java HotSpot(TM) 64-Bit Server VM (25.77-b03) for windows-amd64 JRE (1.8.0_77-b03), built on Mar 20 2016 22:01:33 by "java_re" with MS VC++ 10.0 (VS2010)

time: Thu Jun 21 19:39:40 2018
elapsed time: 15 seconds (0d 0h 0m 15s)

