#
# There is insufficient memory for the Java Runtime Environment to continue.
# Native memory allocation (malloc) failed to allocate 131088 bytes for Chunk::new
# Possible reasons:
#   The system is out of physical RAM or swap space
#   In 32 bit mode, the process size limit was hit
# Possible solutions:
#   Reduce memory load on the system
#   Increase physical memory or swap space
#   Check if swap backing store is full
#   Use 64 bit Java on a 64 bit OS
#   Decrease Java heap size (-Xmx/-Xms)
#   Decrease number of Java threads
#   Decrease Java thread stack sizes (-Xss)
#   Set larger code cache with -XX:ReservedCodeCacheSize=
# This output file may be truncated or incomplete.
#
#  Out of Memory Error (allocation.cpp:390), pid=12700, tid=15032
#
# JRE version: Java(TM) SE Runtime Environment (8.0_77-b03) (build 1.8.0_77-b03)
# Java VM: Java HotSpot(TM) 64-Bit Server VM (25.77-b03 mixed mode windows-amd64 compressed oops)
# Failed to write core dump. Minidumps are not enabled by default on client versions of Windows
#

---------------  T H R E A D  ---------------

Current thread (0x0000000056463800):  JavaThread "C2 CompilerThread1" daemon [_thread_in_native, id=15032, stack(0x0000000056f80000,0x0000000057080000)]

Stack: [0x0000000056f80000,0x0000000057080000]
[error occurred during error reporting (printing stack bounds), id 0xc0000005]

Native frames: (J=compiled Java code, j=interpreted, Vv=VM code, C=native code)


Current CompileTask:
C2:  24094 1852       4       com.android.dx.ssa.SsaConverter::edgeSplitMoveExceptionsAndResults (157 bytes)


---------------  P R O C E S S  ---------------

Java Threads: ( => current thread )
  0x0000000056711000 JavaThread "pool-1-thread-4" [_thread_blocked, id=19992, stack(0x0000000056e60000,0x0000000056f60000)]
  0x000000005674a800 JavaThread "pool-1-thread-3" [_thread_blocked, id=21768, stack(0x00000000560e0000,0x00000000561e0000)]
  0x0000000056748800 JavaThread "pool-1-thread-2" [_thread_blocked, id=19368, stack(0x0000000057770000,0x0000000057870000)]
  0x0000000056748000 JavaThread "pool-2-thread-1" [_thread_blocked, id=17332, stack(0x00000000575c0000,0x00000000576c0000)]
  0x0000000056746000 JavaThread "pool-1-thread-1" [_thread_in_vm, id=18644, stack(0x0000000057480000,0x0000000057580000)]
  0x000000005646a000 JavaThread "Service Thread" daemon [_thread_blocked, id=16680, stack(0x0000000057380000,0x0000000057480000)]
  0x0000000056464800 JavaThread "C1 CompilerThread2" daemon [_thread_blocked, id=13672, stack(0x0000000057170000,0x0000000057270000)]
=>0x0000000056463800 JavaThread "C2 CompilerThread1" daemon [_thread_in_native, id=15032, stack(0x0000000056f80000,0x0000000057080000)]
  0x000000005503f800 JavaThread "C2 CompilerThread0" daemon [_thread_in_native, id=21064, stack(0x0000000056d60000,0x0000000056e60000)]
  0x000000005503c000 JavaThread "Attach Listener" daemon [_thread_blocked, id=22220, stack(0x0000000056af0000,0x0000000056bf0000)]
  0x000000005503b000 JavaThread "Signal Dispatcher" daemon [_thread_blocked, id=22084, stack(0x0000000056950000,0x0000000056a50000)]
  0x0000000055019800 JavaThread "Finalizer" daemon [_thread_blocked, id=17544, stack(0x0000000056360000,0x0000000056460000)]
  0x0000000054fd2800 JavaThread "Reference Handler" daemon [_thread_blocked, id=17444, stack(0x00000000561e0000,0x00000000562e0000)]
  0x000000000227e800 JavaThread "main" [_thread_blocked, id=17984, stack(0x0000000002280000,0x0000000002380000)]

Other Threads:
  0x0000000054fcb000 VMThread [stack: 0x0000000055fe0000,0x00000000560e0000] [id=12576]
  0x000000005652b000 WatcherThread [stack: 0x0000000056c60000,0x0000000056d60000] [id=3816]

VM state:not at safepoint (normal execution)

VM Mutex/Monitor currently owned by a thread: None

Heap:
 PSYoungGen      total 35328K, used 15953K [0x00000000eab00000, 0x00000000efa00000, 0x0000000100000000)
  eden space 32768K, 40% used [0x00000000eab00000,0x00000000eb8150d0,0x00000000ecb00000)
  from space 2560K, 99% used [0x00000000ecb00000,0x00000000ecd7f598,0x00000000ecd80000)
  to   space 7680K, 0% used [0x00000000ef280000,0x00000000ef280000,0x00000000efa00000)
 ParOldGen       total 44032K, used 13867K [0x00000000c0000000, 0x00000000c2b00000, 0x00000000eab00000)
  object space 44032K, 31% used [0x00000000c0000000,0x00000000c0d8aff8,0x00000000c2b00000)
 Metaspace       used 6331K, capacity 7256K, committed 7424K, reserved 1056768K
  class space    used 620K, capacity 656K, committed 768K, reserved 1048576K

Card table byte_map: [0x0000000011a10000,0x0000000011c20000] byte_map_base: 0x0000000011410000

Marking Bits: (ParMarkBitMap*) 0x0000000068f70600
 Begin Bits: [0x0000000012440000, 0x0000000013440000)
 End Bits:   [0x0000000013440000, 0x0000000014440000)

Polling page: 0x0000000000150000

CodeCache: size=245760Kb used=8860Kb max_used=8873Kb free=236899Kb
 bounds [0x0000000002650000, 0x0000000002f10000, 0x0000000011650000]
 total_blobs=2094 nmethods=1830 adapters=178
 compilation: enabled

Compilation events (10 events):
Event: 24.029 Thread 0x0000000056464800 1847       3       com.android.dx.util.LabeledList::removeLabel (10 bytes)
Event: 24.031 Thread 0x0000000056464800 nmethod 1847 0x0000000002ebfd10 code [0x0000000002ebfe80, 0x0000000002ec00a8]
Event: 24.032 Thread 0x0000000056463800 nmethod 1848 0x0000000002ebcc10 code [0x0000000002ebcd80, 0x0000000002ebd1d8]
Event: 24.033 Thread 0x0000000056463800 1849       4       com.android.dx.rop.code.RegisterSpec::getType (10 bytes)
Event: 24.034 Thread 0x0000000056463800 nmethod 1849 0x0000000002ea4d90 code [0x0000000002ea4ec0, 0x0000000002ea4f38]
Event: 24.036 Thread 0x0000000056464800 1850       3       com.android.dx.rop.code.BasicBlockList::preferredSuccessorOf (77 bytes)
Event: 24.036 Thread 0x0000000056464800 nmethod 1850 0x0000000002ebc190 code [0x0000000002ebc340, 0x0000000002ebca48]
Event: 24.038 Thread 0x0000000056463800 1851       4       com.android.dx.cf.code.Ropper::mergeAndWorkAsNecessary (102 bytes)
Event: 24.048 Thread 0x0000000056463800 nmethod 1851 0x0000000002f02990 code [0x0000000002f02b20, 0x0000000002f03098]
Event: 24.053 Thread 0x0000000056463800 1852       4       com.android.dx.ssa.SsaConverter::edgeSplitMoveExceptionsAndResults (157 bytes)

GC Heap History (10 events):
Event: 14.132 GC heap before
{Heap before GC invocations=1 (full 0):
 PSYoungGen      total 18944K, used 16384K [0x00000000eab00000, 0x00000000ec000000, 0x0000000100000000)
  eden space 16384K, 100% used [0x00000000eab00000,0x00000000ebb00000,0x00000000ebb00000)
  from space 2560K, 0% used [0x00000000ebd80000,0x00000000ebd80000,0x00000000ec000000)
  to   space 2560K, 0% used [0x00000000ebb00000,0x00000000ebb00000,0x00000000ebd80000)
 ParOldGen       total 44032K, used 0K [0x00000000c0000000, 0x00000000c2b00000, 0x00000000eab00000)
  object space 44032K, 0% used [0x00000000c0000000,0x00000000c0000000,0x00000000c2b00000)
 Metaspace       used 5759K, capacity 6768K, committed 7040K, reserved 1056768K
  class space    used 597K, capacity 616K, committed 640K, reserved 1048576K
Event: 14.153 GC heap after
Heap after GC invocations=1 (full 0):
 PSYoungGen      total 18944K, used 2535K [0x00000000eab00000, 0x00000000ec000000, 0x0000000100000000)
  eden space 16384K, 0% used [0x00000000eab00000,0x00000000eab00000,0x00000000ebb00000)
  from space 2560K, 99% used [0x00000000ebb00000,0x00000000ebd79ca8,0x00000000ebd80000)
  to   space 2560K, 0% used [0x00000000ebd80000,0x00000000ebd80000,0x00000000ec000000)
 ParOldGen       total 44032K, used 1636K [0x00000000c0000000, 0x00000000c2b00000, 0x00000000eab00000)
  object space 44032K, 3% used [0x00000000c0000000,0x00000000c01992c8,0x00000000c2b00000)
 Metaspace       used 5759K, capacity 6768K, committed 7040K, reserved 1056768K
  class space    used 597K, capacity 616K, committed 640K, reserved 1048576K
}
Event: 17.031 GC heap before
{Heap before GC invocations=2 (full 0):
 PSYoungGen      total 18944K, used 18919K [0x00000000eab00000, 0x00000000ec000000, 0x0000000100000000)
  eden space 16384K, 100% used [0x00000000eab00000,0x00000000ebb00000,0x00000000ebb00000)
  from space 2560K, 99% used [0x00000000ebb00000,0x00000000ebd79ca8,0x00000000ebd80000)
  to   space 2560K, 0% used [0x00000000ebd80000,0x00000000ebd80000,0x00000000ec000000)
 ParOldGen       total 44032K, used 1636K [0x00000000c0000000, 0x00000000c2b00000, 0x00000000eab00000)
  object space 44032K, 3% used [0x00000000c0000000,0x00000000c01992c8,0x00000000c2b00000)
 Metaspace       used 6051K, capacity 7024K, committed 7296K, reserved 1056768K
  class space    used 598K, capacity 616K, committed 640K, reserved 1048576K
Event: 17.248 GC heap after
Heap after GC invocations=2 (full 0):
 PSYoungGen      total 18944K, used 2554K [0x00000000eab00000, 0x00000000ed000000, 0x0000000100000000)
  eden space 16384K, 0% used [0x00000000eab00000,0x00000000eab00000,0x00000000ebb00000)
  from space 2560K, 99% used [0x00000000ebd80000,0x00000000ebffeae8,0x00000000ec000000)
  to   space 2560K, 0% used [0x00000000ebb00000,0x00000000ebb00000,0x00000000ebd80000)
 ParOldGen       total 44032K, used 3719K [0x00000000c0000000, 0x00000000c2b00000, 0x00000000eab00000)
  object space 44032K, 8% used [0x00000000c0000000,0x00000000c03a1e80,0x00000000c2b00000)
 Metaspace       used 6051K, capacity 7024K, committed 7296K, reserved 1056768K
  class space    used 598K, capacity 616K, committed 640K, reserved 1048576K
}
Event: 19.041 GC heap before
{Heap before GC invocations=3 (full 0):
 PSYoungGen      total 18944K, used 18938K [0x00000000eab00000, 0x00000000ed000000, 0x0000000100000000)
  eden space 16384K, 100% used [0x00000000eab00000,0x00000000ebb00000,0x00000000ebb00000)
  from space 2560K, 99% used [0x00000000ebd80000,0x00000000ebffeae8,0x00000000ec000000)
  to   space 2560K, 0% used [0x00000000ebb00000,0x00000000ebb00000,0x00000000ebd80000)
 ParOldGen       total 44032K, used 3719K [0x00000000c0000000, 0x00000000c2b00000, 0x00000000eab00000)
  object space 44032K, 8% used [0x00000000c0000000,0x00000000c03a1e80,0x00000000c2b00000)
 Metaspace       used 6133K, capacity 7088K, committed 7296K, reserved 1056768K
  class space    used 599K, capacity 616K, committed 640K, reserved 1048576K
Event: 19.492 GC heap after
Heap after GC invocations=3 (full 0):
 PSYoungGen      total 18944K, used 2528K [0x00000000eab00000, 0x00000000ed000000, 0x0000000100000000)
  eden space 16384K, 0% used [0x00000000eab00000,0x00000000eab00000,0x00000000ebb00000)
  from space 2560K, 98% used [0x00000000ebb00000,0x00000000ebd78020,0x00000000ebd80000)
  to   space 2560K, 0% used [0x00000000ecd80000,0x00000000ecd80000,0x00000000ed000000)
 ParOldGen       total 44032K, used 6382K [0x00000000c0000000, 0x00000000c2b00000, 0x00000000eab00000)
  object space 44032K, 14% used [0x00000000c0000000,0x00000000c063b998,0x00000000c2b00000)
 Metaspace       used 6133K, capacity 7088K, committed 7296K, reserved 1056768K
  class space    used 599K, capacity 616K, committed 640K, reserved 1048576K
}
Event: 20.215 GC heap before
{Heap before GC invocations=4 (full 0):
 PSYoungGen      total 18944K, used 18912K [0x00000000eab00000, 0x00000000ed000000, 0x0000000100000000)
  eden space 16384K, 100% used [0x00000000eab00000,0x00000000ebb00000,0x00000000ebb00000)
  from space 2560K, 98% used [0x00000000ebb00000,0x00000000ebd78020,0x00000000ebd80000)
  to   space 2560K, 0% used [0x00000000ecd80000,0x00000000ecd80000,0x00000000ed000000)
 ParOldGen       total 44032K, used 6382K [0x00000000c0000000, 0x00000000c2b00000, 0x00000000eab00000)
  object space 44032K, 14% used [0x00000000c0000000,0x00000000c063b998,0x00000000c2b00000)
 Metaspace       used 6173K, capacity 7152K, committed 7296K, reserved 1056768K
  class space    used 599K, capacity 616K, committed 640K, reserved 1048576K
Event: 20.303 GC heap after
Heap after GC invocations=4 (full 0):
 PSYoungGen      total 35328K, used 2552K [0x00000000eab00000, 0x00000000ed000000, 0x0000000100000000)
  eden space 32768K, 0% used [0x00000000eab00000,0x00000000eab00000,0x00000000ecb00000)
  from space 2560K, 99% used [0x00000000ecd80000,0x00000000ecffe2a8,0x00000000ed000000)
  to   space 2560K, 0% used [0x00000000ecb00000,0x00000000ecb00000,0x00000000ecd80000)
 ParOldGen       total 44032K, used 9245K [0x00000000c0000000, 0x00000000c2b00000, 0x00000000eab00000)
  object space 44032K, 20% used [0x00000000c0000000,0x00000000c0907658,0x00000000c2b00000)
 Metaspace       used 6173K, capacity 7152K, committed 7296K, reserved 1056768K
  class space    used 599K, capacity 616K, committed 640K, reserved 1048576K
}
Event: 22.917 GC heap before
{Heap before GC invocations=5 (full 0):
 PSYoungGen      total 35328K, used 35320K [0x00000000eab00000, 0x00000000ed000000, 0x0000000100000000)
  eden space 32768K, 100% used [0x00000000eab00000,0x00000000ecb00000,0x00000000ecb00000)
  from space 2560K, 99% used [0x00000000ecd80000,0x00000000ecffe2a8,0x00000000ed000000)
  to   space 2560K, 0% used [0x00000000ecb00000,0x00000000ecb00000,0x00000000ecd80000)
 ParOldGen       total 44032K, used 9245K [0x00000000c0000000, 0x00000000c2b00000, 0x00000000eab00000)
  object space 44032K, 20% used [0x00000000c0000000,0x00000000c0907658,0x00000000c2b00000)
 Metaspace       used 6315K, capacity 7192K, committed 7424K, reserved 1056768K
  class space    used 619K, capacity 656K, committed 768K, reserved 1048576K
Event: 22.963 GC heap after
Heap after GC invocations=5 (full 0):
 PSYoungGen      total 35328K, used 2557K [0x00000000eab00000, 0x00000000efa00000, 0x0000000100000000)
  eden space 32768K, 0% used [0x00000000eab00000,0x00000000eab00000,0x00000000ecb00000)
  from space 2560K, 99% used [0x00000000ecb00000,0x00000000ecd7f598,0x00000000ecd80000)
  to   space 7680K, 0% used [0x00000000ef280000,0x00000000ef280000,0x00000000efa00000)
 ParOldGen       total 44032K, used 13867K [0x00000000c0000000, 0x00000000c2b00000, 0x00000000eab00000)
  object space 44032K, 31% used [0x00000000c0000000,0x00000000c0d8aff8,0x00000000c2b00000)
 Metaspace       used 6315K, capacity 7192K, committed 7424K, reserved 1056768K
  class space    used 619K, capacity 656K, committed 768K, reserved 1048576K
}

Deoptimization events (10 events):
Event: 23.977 Thread 0x0000000056746000 Uncommon trap: reason=bimorphic action=maybe_recompile pc=0x0000000002e1cc20 method=com.android.dx.rop.code.Rops.opMoveResultPseudo(Lcom/android/dx/rop/type/TypeBearer;)Lcom/android/dx/rop/code/Rop; @ 7
Event: 23.977 Thread 0x0000000056746000 Uncommon trap: reason=unstable_if action=reinterpret pc=0x0000000002d7380c method=com.android.dx.cf.code.Ropper.processBlock(Lcom/android/dx/cf/code/ByteBlock;Lcom/android/dx/cf/code/Frame;[I)V @ 413
Event: 23.978 Thread 0x0000000056746000 Uncommon trap: reason=unstable_if action=reinterpret pc=0x0000000002ab98ac method=com.android.dx.util.IntList.binarysearch(I)I @ 105
Event: 23.979 Thread 0x0000000056746000 Uncommon trap: reason=unstable_if action=reinterpret pc=0x0000000002d43070 method=com.android.dx.ssa.SsaBasicBlock.newFromRop(Lcom/android/dx/rop/code/RopMethod;ILcom/android/dx/ssa/SsaMethod;)Lcom/android/dx/ssa/SsaBasicBlock; @ 164
Event: 23.994 Thread 0x0000000056746000 Uncommon trap: reason=unstable_if action=reinterpret pc=0x0000000002e270fc method=java.util.HashMap.resize()[Ljava/util/HashMap$Node; @ 206
Event: 24.020 Thread 0x0000000056746000 Uncommon trap: reason=bimorphic action=maybe_recompile pc=0x0000000002bd85a4 method=com.android.dx.ssa.LiteralOpUpgrader.tryReplacingWithConstant(Lcom/android/dx/ssa/NormalSsaInsn;)Z @ 52
Event: 24.025 Thread 0x0000000056746000 Uncommon trap: reason=unstable_if action=reinterpret pc=0x0000000002e15ac0 method=com.android.dx.ssa.SsaMethod.blockIndexToRopLabel(I)I @ 1
Event: 24.026 Thread 0x0000000056746000 Uncommon trap: reason=unstable_if action=reinterpret pc=0x0000000002d471e4 method=com.android.dx.rop.code.BasicBlockList.preferredSuccessorOf(Lcom/android/dx/rop/code/BasicBlock;)Lcom/android/dx/rop/code/BasicBlock; @ 58
Event: 24.033 Thread 0x0000000056746000 Uncommon trap: reason=bimorphic action=maybe_recompile pc=0x0000000002e1cc20 method=com.android.dx.rop.code.Rops.opMoveResultPseudo(Lcom/android/dx/rop/type/TypeBearer;)Lcom/android/dx/rop/code/Rop; @ 7
Event: 24.035 Thread 0x0000000056746000 Uncommon trap: reason=bimorphic action=maybe_recompile pc=0x0000000002bd85a4 method=com.android.dx.ssa.LiteralOpUpgrader.tryReplacingWithConstant(Lcom/android/dx/ssa/NormalSsaInsn;)Z @ 52

Internal exceptions (7 events):
Event: 0.163 Thread 0x000000000227e800 Exception <a 'java/lang/NoSuchMethodError': Method sun.misc.Unsafe.defineClass(Ljava/lang/String;[BII)Ljava/lang/Class; name or signature does not match> (0x00000000eab07cc0) thrown at [D:\re\workspace\8-2-build-windows-amd64-cygwin\jdk8u77\6540\hotspot\sr[ù«e‚ƒ?
Event: 0.163 Thread 0x000000000227e800 Exception <a 'java/lang/NoSuchMethodError': Method sun.misc.Unsafe.prefetchRead(Ljava/lang/Object;J)V name or signature does not match> (0x00000000eab07fa8) thrown at [D:\re\workspace\8-2-build-windows-amd64-cygwin\jdk8u77\6540\hotspot\src\share\vm\prims\jÿ^v•˛g0@
Event: 16.406 Thread 0x0000000056746000 Implicit null exception at 0x0000000002a6dd79 to 0x0000000002a6ea2d
Event: 16.407 Thread 0x0000000056746000 Implicit null exception at 0x0000000002a6311e to 0x0000000002a63bfd
Event: 20.602 Thread 0x0000000056748800 Exception <a 'java/lang/ArrayIndexOutOfBoundsException': 18> (0x00000000eacd3850) thrown at [D:\re\workspace\8-2-build-windows-amd64-cygwin\jdk8u77\6540\hotspot\src\share\vm\interpreter\interpreterRuntime.cpp, line 366]
Event: 20.602 Thread 0x0000000056748800 Exception <a 'java/lang/ArrayIndexOutOfBoundsException': 145> (0x00000000eacd53d0) thrown at [D:\re\workspace\8-2-build-windows-amd64-cygwin\jdk8u77\6540\hotspot\src\share\vm\interpreter\interpreterRuntime.cpp, line 366]
Event: 20.603 Thread 0x0000000056748800 Exception <a 'java/lang/ArrayIndexOutOfBoundsException'> (0x00000000eacd66b8) thrown at [D:\re\workspace\8-2-build-windows-amd64-cygwin\jdk8u77\6540\hotspot\src\share\vm\runtime\sharedRuntime.cpp, line 605]

Events (10 events):
Event: 24.025 Thread 0x0000000056746000 DEOPT UNPACKING pc=0x000000000269582a sp=0x000000005757e6b8 mode 2
Event: 24.026 Thread 0x0000000056746000 Uncommon trap: trap_request=0xffffff65 fr.pc=0x0000000002d471e4
Event: 24.026 Thread 0x0000000056746000 DEOPT PACKING pc=0x0000000002d471e4 sp=0x000000005757e960
Event: 24.026 Thread 0x0000000056746000 DEOPT UNPACKING pc=0x000000000269582a sp=0x000000005757e8e8 mode 2
Event: 24.033 Thread 0x0000000056746000 Uncommon trap: trap_request=0xffffffc6 fr.pc=0x0000000002e1cc20
Event: 24.033 Thread 0x0000000056746000 DEOPT PACKING pc=0x0000000002e1cc20 sp=0x000000005757e440
Event: 24.033 Thread 0x0000000056746000 DEOPT UNPACKING pc=0x000000000269582a sp=0x000000005757e368 mode 2
Event: 24.035 Thread 0x0000000056746000 Uncommon trap: trap_request=0xffffffc6 fr.pc=0x0000000002bd85a4
Event: 24.035 Thread 0x0000000056746000 DEOPT PACKING pc=0x0000000002bd85a4 sp=0x000000005757e790
Event: 24.035 Thread 0x0000000056746000 DEOPT UNPACKING pc=0x000000000269582a sp=0x000000005757e720 mode 2


Dynamic libraries:
0x000000013fa20000 - 0x000000013fa57000 	C:\Program Files\Java\jdk1.8.0_77\bin\java.exe
0x0000000077bc0000 - 0x0000000077d6a000 	C:\Windows\SYSTEM32\ntdll.dll
0x00000000779a0000 - 0x0000000077abf000 	C:\Windows\system32\kernel32.dll
0x000007fefda60000 - 0x000007fefdaca000 	C:\Windows\system32\KERNELBASE.dll
0x000007feff710000 - 0x000007feff7eb000 	C:\Windows\system32\ADVAPI32.dll
0x000007fefefe0000 - 0x000007feff07f000 	C:\Windows\system32\msvcrt.dll
0x000007feff080000 - 0x000007feff09f000 	C:\Windows\SYSTEM32\sechost.dll
0x000007feff7f0000 - 0x000007feff91d000 	C:\Windows\system32\RPCRT4.dll
0x0000000077ac0000 - 0x0000000077bba000 	C:\Windows\system32\USER32.dll
0x000007feffe00000 - 0x000007feffe67000 	C:\Windows\system32\GDI32.dll
0x000007feff0a0000 - 0x000007feff0ae000 	C:\Windows\system32\LPK.dll
0x000007feffbf0000 - 0x000007feffcba000 	C:\Windows\system32\USP10.dll
0x000007fefc080000 - 0x000007fefc274000 	C:\Windows\WinSxS\amd64_microsoft.windows.common-controls_6595b64144ccf1df_6.0.7601.18837_none_fa3b1e3d17594757\COMCTL32.dll
0x000007feff690000 - 0x000007feff701000 	C:\Windows\system32\SHLWAPI.dll
0x000007feffdd0000 - 0x000007feffdfe000 	C:\Windows\system32\IMM32.DLL
0x000007feffcc0000 - 0x000007feffdc9000 	C:\Windows\system32\MSCTF.dll
0x000000006b2b0000 - 0x000000006b382000 	C:\Program Files\Java\jdk1.8.0_77\jre\bin\msvcr100.dll
0x0000000068760000 - 0x0000000068ff0000 	C:\Program Files\Java\jdk1.8.0_77\jre\bin\server\jvm.dll
0x000007fef27c0000 - 0x000007fef27c9000 	C:\Windows\system32\WSOCK32.dll
0x000007fefdc60000 - 0x000007fefdcad000 	C:\Windows\system32\WS2_32.dll
0x000007feff680000 - 0x000007feff688000 	C:\Windows\system32\NSI.dll
0x000007fefb820000 - 0x000007fefb85b000 	C:\Windows\system32\WINMM.dll
0x000007fefc970000 - 0x000007fefc97c000 	C:\Windows\system32\VERSION.dll
0x0000000077d80000 - 0x0000000077d87000 	C:\Windows\system32\PSAPI.DLL
0x00000000749c0000 - 0x00000000749cf000 	C:\Program Files\Java\jdk1.8.0_77\jre\bin\verify.dll
0x000000006ccd0000 - 0x000000006ccf9000 	C:\Program Files\Java\jdk1.8.0_77\jre\bin\java.dll
0x00000000746e0000 - 0x00000000746f6000 	C:\Program Files\Java\jdk1.8.0_77\jre\bin\zip.dll
0x000007fefdd30000 - 0x000007fefeab9000 	C:\Windows\system32\SHELL32.dll
0x000007fefeac0000 - 0x000007fefecc3000 	C:\Windows\system32\ole32.dll
0x000007fefd8a0000 - 0x000007fefd8af000 	C:\Windows\system32\profapi.dll

VM Arguments:
jvm_args: -Djava.awt.headless=true -Xmx1024M -Dfile.encoding=windows-1256 -Duser.country=US -Duser.language=en -Duser.variant 
java_command: com.android.dx.command.Main --dex --num-threads=4 --output C:\Users\AL-Motahida\Downloads\Compressed\and-nd-firebase-1.00-starting-point\app\build\intermediates\transforms\preDex\release\25.jar --min-sdk-version 16 C:\Users\AL-Motahida\.gradle\caches\transforms-1\files-1.1\recyclerview-v7-27.1.1.aar\8b64bb4dad2f35bfd5368bf9e692b053\jars\classes.jar
java_class_path (initial): D:\sdk\build-tools\27.0.3\lib\dx.jar
Launcher Type: SUN_STANDARD

Environment Variables:
PATH=C:\Ruby22-x64\bin;D:\oracal\OracleXE112_Win32\DISK1\setupFolder\app\oracle\product\11.2.0\server\bin;C:\ProgramData\Oracle\Java\javapath;C:\Windows\system32;C:\Windows;C:\Windows\System32\Wbem;C:\Windows\System32\WindowsPowerShell\v1.0\;C:\Program Files\Microsoft SQL Server\110\Tools\Binn\;C:\Program Files\Git\cmd
USERNAME=AL-Motahida
OS=Windows_NT
PROCESSOR_IDENTIFIER=Intel64 Family 6 Model 37 Stepping 5, GenuineIntel



---------------  S Y S T E M  ---------------

OS: Windows 7 , 64 bit Build 7601 (6.1.7601.23677)

CPU:total 4 (2 cores per cpu, 2 threads per core) family 6 model 37 stepping 5, cmov, cx8, fxsr, mmx, sse, sse2, sse3, ssse3, sse4.1, sse4.2, popcnt, aes, clmul, ht, tsc, tscinvbit

Memory: 4k page, physical 4118384k(405136k free), swap 16471676k(5040k free)

vm_info: Java HotSpot(TM) 64-Bit Server VM (25.77-b03) for windows-amd64 JRE (1.8.0_77-b03), built on Mar 20 2016 22:01:33 by "java_re" with MS VC++ 10.0 (VS2010)

time: Thu Jun 21 19:40:09 2018
elapsed time: 24 seconds (0d 0h 0m 24s)

