#
# There is insufficient memory for the Java Runtime Environment to continue.
# Native memory allocation (malloc) failed to allocate 48256 bytes for Chunk::new
# Possible reasons:
#   The system is out of physical RAM or swap space
#   In 32 bit mode, the process size limit was hit
# Possible solutions:
#   Reduce memory load on the system
#   Increase physical memory or swap space
#   Check if swap backing store is full
#   Use 64 bit Java on a 64 bit OS
#   Decrease Java heap size (-Xmx/-Xms)
#   Decrease number of Java threads
#   Decrease Java thread stack sizes (-Xss)
#   Set larger code cache with -XX:ReservedCodeCacheSize=
# This output file may be truncated or incomplete.
#
#  Out of Memory Error (allocation.cpp:390), pid=19344, tid=18516
#
# JRE version: Java(TM) SE Runtime Environment (8.0_77-b03) (build 1.8.0_77-b03)
# Java VM: Java HotSpot(TM) 64-Bit Server VM (25.77-b03 mixed mode windows-amd64 compressed oops)
# Failed to write core dump. Minidumps are not enabled by default on client versions of Windows
#

---------------  T H R E A D  ---------------

Current thread (0x00000000563c5000):  JavaThread "C2 CompilerThread0" daemon [_thread_in_native, id=18516, stack(0x0000000056d40000,0x0000000056e40000)]

Stack: [0x0000000056d40000,0x0000000056e40000]
[error occurred during error reporting (printing stack bounds), id 0xc0000005]

Native frames: (J=compiled Java code, j=interpreted, Vv=VM code, C=native code)


Current CompileTask:
C2:   1157  372       4       sun.misc.MetaIndex::mayContain (51 bytes)


---------------  P R O C E S S  ---------------

Java Threads: ( => current thread )
  0x0000000056756000 JavaThread "pool-1-thread-4" [_thread_in_vm, id=17180, stack(0x0000000057aa0000,0x0000000057ba0000)]
  0x0000000056693000 JavaThread "pool-1-thread-3" [_thread_in_vm, id=22076, stack(0x0000000056e40000,0x0000000056f40000)]
  0x0000000056690800 JavaThread "pool-1-thread-2" [_thread_blocked, id=13388, stack(0x0000000057890000,0x0000000057990000)]
  0x000000005668d000 JavaThread "pool-2-thread-1" [_thread_blocked, id=19668, stack(0x0000000057720000,0x0000000057820000)]
  0x00000000566b3000 JavaThread "pool-1-thread-1" [_thread_blocked, id=16552, stack(0x00000000575d0000,0x00000000576d0000)]
  0x0000000056454800 JavaThread "Service Thread" daemon [_thread_blocked, id=18300, stack(0x00000000571d0000,0x00000000572d0000)]
  0x0000000054f9f000 JavaThread "C1 CompilerThread2" daemon [_thread_blocked, id=11940, stack(0x0000000056f40000,0x0000000057040000)]
  0x00000000563ce800 JavaThread "C2 CompilerThread1" daemon [_thread_blocked, id=18668, stack(0x00000000567d0000,0x00000000568d0000)]
=>0x00000000563c5000 JavaThread "C2 CompilerThread0" daemon [_thread_in_native, id=18516, stack(0x0000000056d40000,0x0000000056e40000)]
  0x00000000563c1800 JavaThread "Attach Listener" daemon [_thread_blocked, id=17940, stack(0x0000000056b50000,0x0000000056c50000)]
  0x00000000563c0800 JavaThread "Signal Dispatcher" daemon [_thread_blocked, id=18676, stack(0x0000000056990000,0x0000000056a90000)]
  0x0000000054f75800 JavaThread "Finalizer" daemon [_thread_blocked, id=22120, stack(0x00000000562c0000,0x00000000563c0000)]
  0x0000000054f34000 JavaThread "Reference Handler" daemon [_thread_blocked, id=18928, stack(0x0000000056180000,0x0000000056280000)]
  0x0000000001fce800 JavaThread "main" [_thread_blocked, id=19808, stack(0x0000000002360000,0x0000000002460000)]

Other Threads:
  0x0000000054f2c800 VMThread [stack: 0x0000000055f80000,0x0000000056080000] [id=20388]
  0x000000005645a000 WatcherThread [stack: 0x00000000573d0000,0x00000000574d0000] [id=21196]

VM state:synchronizing (normal execution)

VM Mutex/Monitor currently owned by a thread:  ([mutex/lock_event])
[0x0000000001fcc4d0] Threads_lock - owner thread: 0x0000000054f2c800
[0x0000000001fcc9d0] Heap_lock - owner thread: 0x0000000056690800

Heap:
 PSYoungGen      total 18944K, used 9934K [0x00000000eab00000, 0x00000000ec000000, 0x0000000100000000)
  eden space 16384K, 60% used [0x00000000eab00000,0x00000000eb4b3b60,0x00000000ebb00000)
  from space 2560K, 0% used [0x00000000ebd80000,0x00000000ebd80000,0x00000000ec000000)
  to   space 2560K, 0% used [0x00000000ebb00000,0x00000000ebb00000,0x00000000ebd80000)
 ParOldGen       total 44032K, used 0K [0x00000000c0000000, 0x00000000c2b00000, 0x00000000eab00000)
  object space 44032K, 0% used [0x00000000c0000000,0x00000000c0000000,0x00000000c2b00000)
 Metaspace       used 5127K, capacity 6160K, committed 6272K, reserved 1058816K
  class space    used 562K, capacity 584K, committed 640K, reserved 1048576K

Card table byte_map: [0x0000000011af0000,0x0000000011d00000] byte_map_base: 0x00000000114f0000

Marking Bits: (ParMarkBitMap*) 0x0000000068f70600
 Begin Bits: [0x00000000123a0000, 0x00000000133a0000)
 End Bits:   [0x00000000133a0000, 0x00000000143a0000)

Polling page: 0x0000000001fa0000

CodeCache: size=245760Kb used=1926Kb max_used=1936Kb free=243833Kb
 bounds [0x0000000002730000, 0x00000000029a0000, 0x0000000011730000]
 total_blobs=644 nmethods=378 adapters=180
 compilation: enabled

Compilation events (10 events):
Event: 1.084 Thread 0x0000000054f9f000  370       3       com.android.dx.rop.type.Type::getCategory (36 bytes)
Event: 1.084 Thread 0x0000000054f9f000 nmethod 370 0x0000000002911050 code [0x00000000029111a0, 0x0000000002911310]
Event: 1.084 Thread 0x0000000054f9f000  371       3       java.util.ArrayList::isEmpty (13 bytes)
Event: 1.084 Thread 0x0000000054f9f000 nmethod 371 0x0000000002910cd0 code [0x0000000002910e20, 0x0000000002910fd0]
Event: 1.087 Thread 0x00000000563c5000  372       4       sun.misc.MetaIndex::mayContain (51 bytes)
Event: 1.087 Thread 0x0000000054f9f000  373   !   3       java.util.zip.ZipFile::getEntry (86 bytes)
Event: 1.087 Thread 0x0000000054f9f000 nmethod 373 0x00000000029101d0 code [0x00000000029103a0, 0x00000000029109d8]
Event: 1.087 Thread 0x0000000054f9f000  374       3       java.util.zip.ZipEntry::<init> (146 bytes)
Event: 1.088 Thread 0x0000000054f9f000 nmethod 374 0x000000000290fa90 code [0x000000000290fc20, 0x0000000002910048]
Event: 1.088 Thread 0x0000000054f9f000  375   !   3       sun.misc.URLClassPath$JarLoader::checkResource (55 bytes)

GC Heap History (0 events):
No events

Deoptimization events (0 events):
No events

Internal exceptions (2 events):
Event: 0.112 Thread 0x0000000001fce800 Exception <a 'java/lang/NoSuchMethodError': Method sun.misc.Unsafe.defineClass(Ljava/lang/String;[BII)Ljava/lang/Class; name or signature does not match> (0x00000000eab07cc0) thrown at [D:\re\workspace\8-2-build-windows-amd64-cygwin\jdk8u77\6540\hotspot\sräu{ë6»º?
Event: 0.112 Thread 0x0000000001fce800 Exception <a 'java/lang/NoSuchMethodError': Method sun.misc.Unsafe.prefetchRead(Ljava/lang/Object;J)V name or signature does not match> (0x00000000eab07fa8) thrown at [D:\re\workspace\8-2-build-windows-amd64-cygwin\jdk8u77\6540\hotspot\src\share\vm\prims\j

Events (10 events):
Event: 1.084 loading class com/android/dx/rop/code/LocalVariableInfo
Event: 1.084 loading class com/android/dx/rop/code/LocalVariableInfo done
Event: 1.085 loading class com/android/dx/dex/code/RopTranslator
Event: 1.085 loading class com/android/dx/dex/code/RopTranslator done
Event: 1.086 loading class com/android/dx/dex/code/RopTranslator$TranslationVisitor
Event: 1.086 loading class com/android/dx/dex/code/RopTranslator$TranslationVisitor done
Event: 1.086 loading class com/android/dx/dex/code/RopTranslator$LocalVariableAwareTranslationVisitor
Event: 1.086 loading class com/android/dx/dex/code/RopTranslator$LocalVariableAwareTranslationVisitor done
Event: 1.087 loading class com/android/dx/dex/code/CatchBuilder
Event: 1.087 loading class com/android/dx/dex/code/CatchBuilder done


Dynamic libraries:
0x000000013fa20000 - 0x000000013fa57000 	C:\Program Files\Java\jdk1.8.0_77\bin\java.exe
0x0000000077bc0000 - 0x0000000077d6a000 	C:\Windows\SYSTEM32\ntdll.dll
0x00000000779a0000 - 0x0000000077abf000 	C:\Windows\system32\kernel32.dll
0x000007fefda60000 - 0x000007fefdaca000 	C:\Windows\system32\KERNELBASE.dll
0x000007feff710000 - 0x000007feff7eb000 	C:\Windows\system32\ADVAPI32.dll
0x000007fefefe0000 - 0x000007feff07f000 	C:\Windows\system32\msvcrt.dll
0x000007feff080000 - 0x000007feff09f000 	C:\Windows\SYSTEM32\sechost.dll
0x000007feff7f0000 - 0x000007feff91d000 	C:\Windows\system32\RPCRT4.dll
0x0000000077ac0000 - 0x0000000077bba000 	C:\Windows\system32\USER32.dll
0x000007feffe00000 - 0x000007feffe67000 	C:\Windows\system32\GDI32.dll
0x000007feff0a0000 - 0x000007feff0ae000 	C:\Windows\system32\LPK.dll
0x000007feffbf0000 - 0x000007feffcba000 	C:\Windows\system32\USP10.dll
0x000007fefc080000 - 0x000007fefc274000 	C:\Windows\WinSxS\amd64_microsoft.windows.common-controls_6595b64144ccf1df_6.0.7601.18837_none_fa3b1e3d17594757\COMCTL32.dll
0x000007feff690000 - 0x000007feff701000 	C:\Windows\system32\SHLWAPI.dll
0x000007feffdd0000 - 0x000007feffdfe000 	C:\Windows\system32\IMM32.DLL
0x000007feffcc0000 - 0x000007feffdc9000 	C:\Windows\system32\MSCTF.dll
0x000000006b2b0000 - 0x000000006b382000 	C:\Program Files\Java\jdk1.8.0_77\jre\bin\msvcr100.dll
0x0000000068760000 - 0x0000000068ff0000 	C:\Program Files\Java\jdk1.8.0_77\jre\bin\server\jvm.dll
0x000007fef27c0000 - 0x000007fef27c9000 	C:\Windows\system32\WSOCK32.dll
0x000007fefdc60000 - 0x000007fefdcad000 	C:\Windows\system32\WS2_32.dll
0x000007feff680000 - 0x000007feff688000 	C:\Windows\system32\NSI.dll
0x000007fefb820000 - 0x000007fefb85b000 	C:\Windows\system32\WINMM.dll
0x000007fefc970000 - 0x000007fefc97c000 	C:\Windows\system32\VERSION.dll
0x0000000077d80000 - 0x0000000077d87000 	C:\Windows\system32\PSAPI.DLL
0x00000000749c0000 - 0x00000000749cf000 	C:\Program Files\Java\jdk1.8.0_77\jre\bin\verify.dll
0x000000006ccd0000 - 0x000000006ccf9000 	C:\Program Files\Java\jdk1.8.0_77\jre\bin\java.dll
0x00000000746e0000 - 0x00000000746f6000 	C:\Program Files\Java\jdk1.8.0_77\jre\bin\zip.dll
0x000007fefdd30000 - 0x000007fefeab9000 	C:\Windows\system32\SHELL32.dll
0x000007fefeac0000 - 0x000007fefecc3000 	C:\Windows\system32\ole32.dll
0x000007fefd8a0000 - 0x000007fefd8af000 	C:\Windows\system32\profapi.dll

VM Arguments:
jvm_args: -Djava.awt.headless=true -Xmx1024M -Dfile.encoding=windows-1256 -Duser.country=US -Duser.language=en -Duser.variant 
java_command: com.android.dx.command.Main --dex --num-threads=4 --output C:\Users\AL-Motahida\Downloads\Compressed\and-nd-firebase-1.00-starting-point\app\build\intermediates\transforms\preDex\release\2.jar --min-sdk-version 16 C:\Users\AL-Motahida\.gradle\caches\transforms-1\files-1.1\design-27.1.1.aar\049d84d8358a1bce7ffab220c2017f75\jars\classes.jar
java_class_path (initial): D:\sdk\build-tools\27.0.3\lib\dx.jar
Launcher Type: SUN_STANDARD

Environment Variables:
PATH=C:\Ruby22-x64\bin;D:\oracal\OracleXE112_Win32\DISK1\setupFolder\app\oracle\product\11.2.0\server\bin;C:\ProgramData\Oracle\Java\javapath;C:\Windows\system32;C:\Windows;C:\Windows\System32\Wbem;C:\Windows\System32\WindowsPowerShell\v1.0\;C:\Program Files\Microsoft SQL Server\110\Tools\Binn\;C:\Program Files\Git\cmd
USERNAME=AL-Motahida
OS=Windows_NT
PROCESSOR_IDENTIFIER=Intel64 Family 6 Model 37 Stepping 5, GenuineIntel



---------------  S Y S T E M  ---------------

OS: Windows 7 , 64 bit Build 7601 (6.1.7601.23677)

CPU:total 4 (2 cores per cpu, 2 threads per core) family 6 model 37 stepping 5, cmov, cx8, fxsr, mmx, sse, sse2, sse3, ssse3, sse4.1, sse4.2, popcnt, aes, clmul, ht, tsc, tscinvbit

Memory: 4k page, physical 4118384k(501644k free), swap 16471676k(239016k free)

vm_info: Java HotSpot(TM) 64-Bit Server VM (25.77-b03) for windows-amd64 JRE (1.8.0_77-b03), built on Mar 20 2016 22:01:33 by "java_re" with MS VC++ 10.0 (VS2010)

time: Thu Jun 21 19:40:09 2018
elapsed time: 1 seconds (0d 0h 0m 1s)

