#
# There is insufficient memory for the Java Runtime Environment to continue.
# Native memory allocation (malloc) failed to allocate 1010704 bytes for Chunk::new
# Possible reasons:
#   The system is out of physical RAM or swap space
#   In 32 bit mode, the process size limit was hit
# Possible solutions:
#   Reduce memory load on the system
#   Increase physical memory or swap space
#   Check if swap backing store is full
#   Use 64 bit Java on a 64 bit OS
#   Decrease Java heap size (-Xmx/-Xms)
#   Decrease number of Java threads
#   Decrease Java thread stack sizes (-Xss)
#   Set larger code cache with -XX:ReservedCodeCacheSize=
# This output file may be truncated or incomplete.
#
#  Out of Memory Error (allocation.cpp:390), pid=6848, tid=17348
#
# JRE version: Java(TM) SE Runtime Environment (8.0_77-b03) (build 1.8.0_77-b03)
# Java VM: Java HotSpot(TM) 64-Bit Server VM (25.77-b03 mixed mode windows-amd64 compressed oops)
# Failed to write core dump. Minidumps are not enabled by default on client versions of Windows
#

---------------  T H R E A D  ---------------

Current thread (0x0000000056685800):  JavaThread "C2 CompilerThread0" daemon [_thread_in_native, id=17348, stack(0x0000000056450000,0x0000000056550000)]

Stack: [0x0000000056450000,0x0000000056550000]
[error occurred during error reporting (printing stack bounds), id 0xc0000005]

Native frames: (J=compiled Java code, j=interpreted, Vv=VM code, C=native code)


Current CompileTask:
C2:   6022 1450   !   4       com.android.dx.cf.code.Ropper::processBlock (1101 bytes)


---------------  P R O C E S S  ---------------

Java Threads: ( => current thread )
  0x0000000056a04000 JavaThread "pool-1-thread-4" [_thread_blocked_trans, id=19000, stack(0x0000000057410000,0x0000000057510000)]
  0x00000000569f3800 JavaThread "pool-1-thread-3" [_thread_blocked, id=16016, stack(0x00000000578a0000,0x00000000579a0000)]
  0x00000000569f2800 JavaThread "pool-1-thread-2" [_thread_blocked, id=17332, stack(0x0000000057750000,0x0000000057850000)]
  0x00000000569ed800 JavaThread "pool-2-thread-1" [_thread_blocked, id=19924, stack(0x0000000057580000,0x0000000057680000)]
  0x00000000569ea800 JavaThread "pool-1-thread-1" [_thread_blocked, id=14276, stack(0x0000000056e90000,0x0000000056f90000)]
  0x000000005668f000 JavaThread "Service Thread" daemon [_thread_blocked, id=18108, stack(0x0000000057160000,0x0000000057260000)]
  0x000000005668b000 JavaThread "C1 CompilerThread2" daemon [_thread_blocked, id=19592, stack(0x0000000056fb0000,0x00000000570b0000)]
  0x0000000056689800 JavaThread "C2 CompilerThread1" daemon [_thread_in_native, id=20336, stack(0x0000000056aa0000,0x0000000056ba0000)]
=>0x0000000056685800 JavaThread "C2 CompilerThread0" daemon [_thread_in_native, id=17348, stack(0x0000000056450000,0x0000000056550000)]
  0x0000000056682800 JavaThread "Attach Listener" daemon [_thread_blocked, id=17388, stack(0x0000000056d10000,0x0000000056e10000)]
  0x000000005522c000 JavaThread "Signal Dispatcher" daemon [_thread_blocked, id=17708, stack(0x0000000056bb0000,0x0000000056cb0000)]
  0x0000000055219800 JavaThread "Finalizer" daemon [_thread_blocked, id=20684, stack(0x0000000056580000,0x0000000056680000)]
  0x00000000551d2800 JavaThread "Reference Handler" daemon [_thread_blocked, id=20888, stack(0x00000000562f0000,0x00000000563f0000)]
  0x000000000217e800 JavaThread "main" [_thread_blocked, id=18028, stack(0x0000000002300000,0x0000000002400000)]

Other Threads:
  0x00000000551cb000 VMThread [stack: 0x0000000056130000,0x0000000056230000] [id=19600]
  0x0000000056693800 WatcherThread [stack: 0x00000000572f0000,0x00000000573f0000] [id=15032]

VM state:not at safepoint (normal execution)

VM Mutex/Monitor currently owned by a thread: None

Heap:
 PSYoungGen      total 35328K, used 32323K [0x00000000eab00000, 0x00000000ed000000, 0x0000000100000000)
  eden space 32768K, 90% used [0x00000000eab00000,0x00000000ec816fd0,0x00000000ecb00000)
  from space 2560K, 99% used [0x00000000ecd80000,0x00000000ecff9c90,0x00000000ed000000)
  to   space 2560K, 0% used [0x00000000ecb00000,0x00000000ecb00000,0x00000000ecd80000)
 ParOldGen       total 44032K, used 8626K [0x00000000c0000000, 0x00000000c2b00000, 0x00000000eab00000)
  object space 44032K, 19% used [0x00000000c0000000,0x00000000c086c948,0x00000000c2b00000)
 Metaspace       used 6171K, capacity 7088K, committed 7296K, reserved 1056768K
  class space    used 601K, capacity 616K, committed 640K, reserved 1048576K

Card table byte_map: [0x0000000011a90000,0x0000000011ca0000] byte_map_base: 0x0000000011490000

Marking Bits: (ParMarkBitMap*) 0x0000000068f70600
 Begin Bits: [0x0000000012640000, 0x0000000013640000)
 End Bits:   [0x0000000013640000, 0x0000000014640000)

Polling page: 0x0000000001c70000

CodeCache: size=245760Kb used=6208Kb max_used=6208Kb free=239551Kb
 bounds [0x00000000026d0000, 0x0000000002cf0000, 0x00000000116d0000]
 total_blobs=1717 nmethods=1450 adapters=181
 compilation: enabled

Compilation events (10 events):
Event: 5.915 Thread 0x000000005668b000 1489       3       java.util.TreeMap::rotateRight (96 bytes)
Event: 5.916 Thread 0x000000005668b000 nmethod 1489 0x0000000002ce2290 code [0x0000000002ce2400, 0x0000000002ce2750]
Event: 5.922 Thread 0x000000005668b000 1490       3       com.android.dx.cf.iface.StdAttributeList::findNext (85 bytes)
Event: 5.923 Thread 0x000000005668b000 nmethod 1490 0x0000000002ce2850 code [0x0000000002ce2a40, 0x0000000002ce3608]
Event: 5.924 Thread 0x000000005668b000 1491       3       com.android.dx.ssa.back.FirstFitLocalCombiningAllocator::findRopRegForLocal (74 bytes)
Event: 5.925 Thread 0x000000005668b000 nmethod 1491 0x0000000002ce39d0 code [0x0000000002ce3ba0, 0x0000000002ce4268]
Event: 5.926 Thread 0x000000005668b000 1492       3       com.android.dx.rop.code.Rops::opReturn (89 bytes)
Event: 5.927 Thread 0x000000005668b000 nmethod 1492 0x0000000002ce4510 code [0x0000000002ce4740, 0x0000000002ce5318]
Event: 5.928 Thread 0x000000005668b000 1493       3       com.android.dx.ssa.back.FirstFitLocalCombiningAllocator::canMapRegs (60 bytes)
Event: 5.929 Thread 0x000000005668b000 nmethod 1493 0x0000000002ce5890 code [0x0000000002ce5b00, 0x0000000002ce6ac8]

GC Heap History (4 events):
Event: 2.263 GC heap before
{Heap before GC invocations=1 (full 0):
 PSYoungGen      total 18944K, used 16384K [0x00000000eab00000, 0x00000000ec000000, 0x0000000100000000)
  eden space 16384K, 100% used [0x00000000eab00000,0x00000000ebb00000,0x00000000ebb00000)
  from space 2560K, 0% used [0x00000000ebd80000,0x00000000ebd80000,0x00000000ec000000)
  to   space 2560K, 0% used [0x00000000ebb00000,0x00000000ebb00000,0x00000000ebd80000)
 ParOldGen       total 44032K, used 0K [0x00000000c0000000, 0x00000000c2b00000, 0x00000000eab00000)
  object space 44032K, 0% used [0x00000000c0000000,0x00000000c0000000,0x00000000c2b00000)
 Metaspace       used 5872K, capacity 6832K, committed 7040K, reserved 1056768K
  class space    used 599K, capacity 616K, committed 640K, reserved 1048576K
Event: 2.318 GC heap after
Heap after GC invocations=1 (full 0):
 PSYoungGen      total 18944K, used 2538K [0x00000000eab00000, 0x00000000ed000000, 0x0000000100000000)
  eden space 16384K, 0% used [0x00000000eab00000,0x00000000eab00000,0x00000000ebb00000)
  from space 2560K, 99% used [0x00000000ebb00000,0x00000000ebd7aab0,0x00000000ebd80000)
  to   space 2560K, 0% used [0x00000000ecd80000,0x00000000ecd80000,0x00000000ed000000)
 ParOldGen       total 44032K, used 1904K [0x00000000c0000000, 0x00000000c2b00000, 0x00000000eab00000)
  object space 44032K, 4% used [0x00000000c0000000,0x00000000c01dc390,0x00000000c2b00000)
 Metaspace       used 5872K, capacity 6832K, committed 7040K, reserved 1056768K
  class space    used 599K, capacity 616K, committed 640K, reserved 1048576K
}
Event: 2.946 GC heap before
{Heap before GC invocations=2 (full 0):
 PSYoungGen      total 18944K, used 18922K [0x00000000eab00000, 0x00000000ed000000, 0x0000000100000000)
  eden space 16384K, 100% used [0x00000000eab00000,0x00000000ebb00000,0x00000000ebb00000)
  from space 2560K, 99% used [0x00000000ebb00000,0x00000000ebd7aab0,0x00000000ebd80000)
  to   space 2560K, 0% used [0x00000000ecd80000,0x00000000ecd80000,0x00000000ed000000)
 ParOldGen       total 44032K, used 1904K [0x00000000c0000000, 0x00000000c2b00000, 0x00000000eab00000)
  object space 44032K, 4% used [0x00000000c0000000,0x00000000c01dc390,0x00000000c2b00000)
 Metaspace       used 6045K, capacity 6960K, committed 7040K, reserved 1056768K
  class space    used 601K, capacity 616K, committed 640K, reserved 1048576K
Event: 2.970 GC heap after
Heap after GC invocations=2 (full 0):
 PSYoungGen      total 35328K, used 2535K [0x00000000eab00000, 0x00000000ed000000, 0x0000000100000000)
  eden space 32768K, 0% used [0x00000000eab00000,0x00000000eab00000,0x00000000ecb00000)
  from space 2560K, 99% used [0x00000000ecd80000,0x00000000ecff9c90,0x00000000ed000000)
  to   space 2560K, 0% used [0x00000000ecb00000,0x00000000ecb00000,0x00000000ecd80000)
 ParOldGen       total 44032K, used 8626K [0x00000000c0000000, 0x00000000c2b00000, 0x00000000eab00000)
  object space 44032K, 19% used [0x00000000c0000000,0x00000000c086c948,0x00000000c2b00000)
 Metaspace       used 6045K, capacity 6960K, committed 7040K, reserved 1056768K
  class space    used 601K, capacity 616K, committed 640K, reserved 1048576K
}

Deoptimization events (8 events):
Event: 2.006 Thread 0x00000000569ea800 Uncommon trap: reason=unstable_if action=reinterpret pc=0x00000000029255f0 method=java.util.HashMap.getNode(ILjava/lang/Object;)Ljava/util/HashMap$Node; @ 62
Event: 2.246 Thread 0x000000000217e800 Uncommon trap: reason=unstable_if action=reinterpret pc=0x000000000288a8fc method=java.lang.String.<init>([CII)V @ 18
Event: 2.410 Thread 0x00000000569f2800 Uncommon trap: reason=unstable_if action=reinterpret pc=0x00000000029309e0 method=java.util.BitSet.nextSetBit(I)I @ 87
Event: 2.417 Thread 0x00000000569f2800 Uncommon trap: reason=null_check action=make_not_entrant pc=0x00000000029ccb78 method=com.android.dx.ssa.SsaRenamer.getLocalForNewReg(I)Lcom/android/dx/rop/code/LocalItem; @ 19
Event: 2.417 Thread 0x00000000569f2800 Uncommon trap: reason=unstable_if action=reinterpret pc=0x000000000296e690 method=java.util.HashMap.getNode(ILjava/lang/Object;)Ljava/util/HashMap$Node; @ 129
Event: 2.418 Thread 0x00000000569f2800 Uncommon trap: reason=unstable_if action=reinterpret pc=0x000000000298c980 method=java.util.HashMap.getNode(ILjava/lang/Object;)Ljava/util/HashMap$Node; @ 129
Event: 2.430 Thread 0x000000000217e800 Uncommon trap: reason=unstable_if action=reinterpret pc=0x00000000028ede0c method=java.lang.String.<init>([CII)V @ 18
Event: 3.510 Thread 0x00000000569ea800 Uncommon trap: reason=unstable_if action=reinterpret pc=0x0000000002ba6e30 method=com.android.dx.cf.code.BytecodeArray.parseInstruction(ILcom/android/dx/cf/code/BytecodeArray$Visitor;)I @ 1198

Internal exceptions (3 events):
Event: 0.268 Thread 0x000000000217e800 Exception <a 'java/lang/NoSuchMethodError': Method sun.misc.Unsafe.defineClass(Ljava/lang/String;[BII)Ljava/lang/Class; name or signature does not match> (0x00000000eab07cc0) thrown at [D:\re\workspace\8-2-build-windows-amd64-cygwin\jdk8u77\6540\hotspot\srÏÌ;h(Ñ?
Event: 0.268 Thread 0x000000000217e800 Exception <a 'java/lang/NoSuchMethodError': Method sun.misc.Unsafe.prefetchRead(Ljava/lang/Object;J)V name or signature does not match> (0x00000000eab07fa8) thrown at [D:\re\workspace\8-2-build-windows-amd64-cygwin\jdk8u77\6540\hotspot\src\share\vm\prims\jÔ›ŸÍHU@
Event: 2.417 Thread 0x00000000569f2800 Implicit null exception at 0x00000000029cb39f to 0x00000000029ccb2d

Events (10 events):
Event: 4.923 Executing VM operation: RevokeBias
Event: 4.925 Executing VM operation: RevokeBias done
Event: 4.930 Executing VM operation: RevokeBias
Event: 4.930 Executing VM operation: RevokeBias done
Event: 5.260 Executing VM operation: RevokeBias
Event: 5.337 Executing VM operation: RevokeBias done
Event: 5.337 Thread 0x00000000569f3800 DEOPT PACKING pc=0x0000000002a51e85 sp=0x000000005799eba0
Event: 5.337 Thread 0x00000000569f3800 DEOPT UNPACKING pc=0x000000000271747f sp=0x000000005799e940 mode 0
Event: 5.934 Executing VM operation: RevokeBias
Event: 5.976 Executing VM operation: RevokeBias done


Dynamic libraries:
0x000000013fa20000 - 0x000000013fa57000 	C:\Program Files\Java\jdk1.8.0_77\bin\java.exe
0x0000000077bc0000 - 0x0000000077d6a000 	C:\Windows\SYSTEM32\ntdll.dll
0x00000000779a0000 - 0x0000000077abf000 	C:\Windows\system32\kernel32.dll
0x000007fefda60000 - 0x000007fefdaca000 	C:\Windows\system32\KERNELBASE.dll
0x000007feff710000 - 0x000007feff7eb000 	C:\Windows\system32\ADVAPI32.dll
0x000007fefefe0000 - 0x000007feff07f000 	C:\Windows\system32\msvcrt.dll
0x000007feff080000 - 0x000007feff09f000 	C:\Windows\SYSTEM32\sechost.dll
0x000007feff7f0000 - 0x000007feff91d000 	C:\Windows\system32\RPCRT4.dll
0x0000000077ac0000 - 0x0000000077bba000 	C:\Windows\system32\USER32.dll
0x000007feffe00000 - 0x000007feffe67000 	C:\Windows\system32\GDI32.dll
0x000007feff0a0000 - 0x000007feff0ae000 	C:\Windows\system32\LPK.dll
0x000007feffbf0000 - 0x000007feffcba000 	C:\Windows\system32\USP10.dll
0x000007fefc080000 - 0x000007fefc274000 	C:\Windows\WinSxS\amd64_microsoft.windows.common-controls_6595b64144ccf1df_6.0.7601.18837_none_fa3b1e3d17594757\COMCTL32.dll
0x000007feff690000 - 0x000007feff701000 	C:\Windows\system32\SHLWAPI.dll
0x000007feffdd0000 - 0x000007feffdfe000 	C:\Windows\system32\IMM32.DLL
0x000007feffcc0000 - 0x000007feffdc9000 	C:\Windows\system32\MSCTF.dll
0x000000006b2b0000 - 0x000000006b382000 	C:\Program Files\Java\jdk1.8.0_77\jre\bin\msvcr100.dll
0x0000000068760000 - 0x0000000068ff0000 	C:\Program Files\Java\jdk1.8.0_77\jre\bin\server\jvm.dll
0x000007fef27c0000 - 0x000007fef27c9000 	C:\Windows\system32\WSOCK32.dll
0x000007fefdc60000 - 0x000007fefdcad000 	C:\Windows\system32\WS2_32.dll
0x000007feff680000 - 0x000007feff688000 	C:\Windows\system32\NSI.dll
0x000007fefb820000 - 0x000007fefb85b000 	C:\Windows\system32\WINMM.dll
0x000007fefc970000 - 0x000007fefc97c000 	C:\Windows\system32\VERSION.dll
0x0000000077d80000 - 0x0000000077d87000 	C:\Windows\system32\PSAPI.DLL
0x00000000749c0000 - 0x00000000749cf000 	C:\Program Files\Java\jdk1.8.0_77\jre\bin\verify.dll
0x000000006ccd0000 - 0x000000006ccf9000 	C:\Program Files\Java\jdk1.8.0_77\jre\bin\java.dll
0x00000000746e0000 - 0x00000000746f6000 	C:\Program Files\Java\jdk1.8.0_77\jre\bin\zip.dll
0x000007fefdd30000 - 0x000007fefeab9000 	C:\Windows\system32\SHELL32.dll
0x000007fefeac0000 - 0x000007fefecc3000 	C:\Windows\system32\ole32.dll
0x000007fefd8a0000 - 0x000007fefd8af000 	C:\Windows\system32\profapi.dll

VM Arguments:
jvm_args: -Djava.awt.headless=true -Xmx1024M -Dfile.encoding=windows-1256 -Duser.country=US -Duser.language=en -Duser.variant 
java_command: com.android.dx.command.Main --dex --num-threads=4 --output C:\Users\AL-Motahida\Downloads\Compressed\and-nd-firebase-1.00-starting-point\app\build\intermediates\transforms\preDex\release\1.jar --min-sdk-version 16 C:\Users\AL-Motahida\.gradle\caches\transforms-1\files-1.1\firebase-ui-auth-3.3.0.aar\8c3b18abbc600effcb3f240da6367166\jars\classes.jar
java_class_path (initial): D:\sdk\build-tools\27.0.3\lib\dx.jar
Launcher Type: SUN_STANDARD

Environment Variables:
PATH=C:\Ruby22-x64\bin;D:\oracal\OracleXE112_Win32\DISK1\setupFolder\app\oracle\product\11.2.0\server\bin;C:\ProgramData\Oracle\Java\javapath;C:\Windows\system32;C:\Windows;C:\Windows\System32\Wbem;C:\Windows\System32\WindowsPowerShell\v1.0\;C:\Program Files\Microsoft SQL Server\110\Tools\Binn\;C:\Program Files\Git\cmd
USERNAME=AL-Motahida
OS=Windows_NT
PROCESSOR_IDENTIFIER=Intel64 Family 6 Model 37 Stepping 5, GenuineIntel



---------------  S Y S T E M  ---------------

OS: Windows 7 , 64 bit Build 7601 (6.1.7601.23677)

CPU:total 4 (2 cores per cpu, 2 threads per core) family 6 model 37 stepping 5, cmov, cx8, fxsr, mmx, sse, sse2, sse3, ssse3, sse4.1, sse4.2, popcnt, aes, clmul, ht, tsc, tscinvbit

Memory: 4k page, physical 4118384k(392952k free), swap 16471676k(5300k free)

vm_info: Java HotSpot(TM) 64-Bit Server VM (25.77-b03) for windows-amd64 JRE (1.8.0_77-b03), built on Mar 20 2016 22:01:33 by "java_re" with MS VC++ 10.0 (VS2010)

time: Thu Jun 21 19:41:03 2018
elapsed time: 6 seconds (0d 0h 0m 6s)

