#
# There is insufficient memory for the Java Runtime Environment to continue.
# Native memory allocation (malloc) failed to allocate 842976 bytes for Chunk::new
# Possible reasons:
#   The system is out of physical RAM or swap space
#   In 32 bit mode, the process size limit was hit
# Possible solutions:
#   Reduce memory load on the system
#   Increase physical memory or swap space
#   Check if swap backing store is full
#   Use 64 bit Java on a 64 bit OS
#   Decrease Java heap size (-Xmx/-Xms)
#   Decrease number of Java threads
#   Decrease Java thread stack sizes (-Xss)
#   Set larger code cache with -XX:ReservedCodeCacheSize=
# This output file may be truncated or incomplete.
#
#  Out of Memory Error (allocation.cpp:390), pid=16860, tid=19604
#
# JRE version: Java(TM) SE Runtime Environment (8.0_77-b03) (build 1.8.0_77-b03)
# Java VM: Java HotSpot(TM) 64-Bit Server VM (25.77-b03 mixed mode windows-amd64 compressed oops)
# Failed to write core dump. Minidumps are not enabled by default on client versions of Windows
#

---------------  T H R E A D  ---------------

Current thread (0x00000000565bf000):  JavaThread "C2 CompilerThread1" daemon [_thread_in_native, id=19604, stack(0x0000000056fa0000,0x00000000570a0000)]

Stack: [0x0000000056fa0000,0x00000000570a0000]
[error occurred during error reporting (printing stack bounds), id 0xc0000005]

Native frames: (J=compiled Java code, j=interpreted, Vv=VM code, C=native code)


Current CompileTask:
C2:  54731 1391   !   4       com.android.dx.cf.code.BytecodeArray::parseInstruction (2796 bytes)


---------------  P R O C E S S  ---------------

Java Threads: ( => current thread )
  0x000000005659b000 JavaThread "pool-1-thread-4" [_thread_blocked, id=16564, stack(0x0000000057bd0000,0x0000000057cd0000)]
  0x0000000056598000 JavaThread "pool-1-thread-3" [_thread_in_vm, id=17644, stack(0x00000000575f0000,0x00000000576f0000)]
  0x0000000056597000 JavaThread "pool-1-thread-2" [_thread_blocked, id=7408, stack(0x0000000057a60000,0x0000000057b60000)]
  0x0000000056595000 JavaThread "pool-2-thread-1" [_thread_blocked, id=16604, stack(0x00000000578a0000,0x00000000579a0000)]
  0x0000000056616000 JavaThread "pool-1-thread-1" [_thread_blocked, id=19064, stack(0x00000000576f0000,0x00000000577f0000)]
  0x00000000565c8800 JavaThread "Service Thread" daemon [_thread_blocked, id=10328, stack(0x0000000057300000,0x0000000057400000)]
  0x00000000565bf800 JavaThread "C1 CompilerThread2" daemon [_thread_blocked, id=21176, stack(0x00000000571b0000,0x00000000572b0000)]
=>0x00000000565bf000 JavaThread "C2 CompilerThread1" daemon [_thread_in_native, id=19604, stack(0x0000000056fa0000,0x00000000570a0000)]
  0x0000000056555000 JavaThread "C2 CompilerThread0" daemon [_thread_in_native, id=19824, stack(0x0000000056de0000,0x0000000056ee0000)]
  0x0000000056552800 JavaThread "Attach Listener" daemon [_thread_blocked, id=15464, stack(0x0000000056b60000,0x0000000056c60000)]
  0x00000000550db800 JavaThread "Signal Dispatcher" daemon [_thread_blocked, id=13776, stack(0x0000000056980000,0x0000000056a80000)]
  0x00000000550c9000 JavaThread "Finalizer" daemon [_thread_blocked, id=21168, stack(0x0000000056450000,0x0000000056550000)]
  0x0000000055082000 JavaThread "Reference Handler" daemon [_thread_blocked, id=21008, stack(0x0000000056230000,0x0000000056330000)]
  0x00000000021de800 JavaThread "main" [_thread_blocked, id=18988, stack(0x0000000002450000,0x0000000002550000)]

Other Threads:
  0x000000005507a800 VMThread [stack: 0x0000000056040000,0x0000000056140000] [id=21792]
  0x000000005661e800 WatcherThread [stack: 0x00000000574f0000,0x00000000575f0000] [id=19476]

VM state:not at safepoint (normal execution)

VM Mutex/Monitor currently owned by a thread: None

Heap:
 PSYoungGen      total 18944K, used 18940K [0x00000000eab00000, 0x00000000ec000000, 0x0000000100000000)
  eden space 16384K, 100% used [0x00000000eab00000,0x00000000ebb00000,0x00000000ebb00000)
  from space 2560K, 99% used [0x00000000ebb00000,0x00000000ebd7f1c8,0x00000000ebd80000)
  to   space 2560K, 0% used [0x00000000ebd80000,0x00000000ebd80000,0x00000000ec000000)
 ParOldGen       total 44032K, used 2627K [0x00000000c0000000, 0x00000000c2b00000, 0x00000000eab00000)
  object space 44032K, 5% used [0x00000000c0000000,0x00000000c0290c28,0x00000000c2b00000)
 Metaspace       used 6059K, capacity 7024K, committed 7296K, reserved 1056768K
  class space    used 586K, capacity 616K, committed 640K, reserved 1048576K

Card table byte_map: [0x0000000011be0000,0x0000000011df0000] byte_map_base: 0x00000000115e0000

Marking Bits: (ParMarkBitMap*) 0x0000000068f70600
 Begin Bits: [0x00000000124f0000, 0x00000000134f0000)
 End Bits:   [0x00000000134f0000, 0x00000000144f0000)

Polling page: 0x0000000000340000

CodeCache: size=245760Kb used=5648Kb max_used=5660Kb free=240111Kb
 bounds [0x0000000002820000, 0x0000000002db0000, 0x0000000011820000]
 total_blobs=1674 nmethods=1408 adapters=180
 compilation: enabled

Compilation events (10 events):
Event: 54.707 Thread 0x0000000056555000 nmethod 1407 0x0000000002cdc590 code [0x0000000002cdc6c0, 0x0000000002cdc738]
Event: 54.708 Thread 0x0000000056555000 1409       4       com.android.dx.dex.code.CodeAddress::<init> (7 bytes)
Event: 54.710 Thread 0x00000000565bf800 nmethod 1400 0x0000000002da41d0 code [0x0000000002da4660, 0x0000000002da76c8]
Event: 54.710 Thread 0x00000000565bf800 1406   !   3       com.android.dx.ssa.BasicRegisterMapper::map (44 bytes)
Event: 54.710 Thread 0x0000000056555000 nmethod 1409 0x0000000002d4a3d0 code [0x0000000002d4a520, 0x0000000002d4a5b8]
Event: 54.710 Thread 0x0000000056555000 1410       4       java.util.Arrays::hashCode (56 bytes)
Event: 54.710 Thread 0x00000000565bf800 nmethod 1406 0x0000000002da3790 code [0x0000000002da3940, 0x0000000002da3f48]
Event: 54.710 Thread 0x00000000565bf800 1408       3       com.android.dx.util.FixedSizeList::shrinkToFit (103 bytes)
Event: 54.711 Thread 0x00000000565bf800 nmethod 1408 0x0000000002da2a10 code [0x0000000002da2bc0, 0x0000000002da3448]
Event: 54.711 Thread 0x00000000565bf800 1401       3       com.android.dx.ssa.SsaRenamer::getLocalForNewReg (25 bytes)

GC Heap History (2 events):
Event: 29.817 GC heap before
{Heap before GC invocations=1 (full 0):
 PSYoungGen      total 18944K, used 16384K [0x00000000eab00000, 0x00000000ec000000, 0x0000000100000000)
  eden space 16384K, 100% used [0x00000000eab00000,0x00000000ebb00000,0x00000000ebb00000)
  from space 2560K, 0% used [0x00000000ebd80000,0x00000000ebd80000,0x00000000ec000000)
  to   space 2560K, 0% used [0x00000000ebb00000,0x00000000ebb00000,0x00000000ebd80000)
 ParOldGen       total 44032K, used 0K [0x00000000c0000000, 0x00000000c2b00000, 0x00000000eab00000)
  object space 44032K, 0% used [0x00000000c0000000,0x00000000c0000000,0x00000000c2b00000)
 Metaspace       used 5747K, capacity 6832K, committed 7040K, reserved 1056768K
  class space    used 583K, capacity 616K, committed 640K, reserved 1048576K
Event: 29.845 GC heap after
Heap after GC invocations=1 (full 0):
 PSYoungGen      total 18944K, used 2556K [0x00000000eab00000, 0x00000000ec000000, 0x0000000100000000)
  eden space 16384K, 0% used [0x00000000eab00000,0x00000000eab00000,0x00000000ebb00000)
  from space 2560K, 99% used [0x00000000ebb00000,0x00000000ebd7f1c8,0x00000000ebd80000)
  to   space 2560K, 0% used [0x00000000ebd80000,0x00000000ebd80000,0x00000000ec000000)
 ParOldGen       total 44032K, used 2627K [0x00000000c0000000, 0x00000000c2b00000, 0x00000000eab00000)
  object space 44032K, 5% used [0x00000000c0000000,0x00000000c0290c28,0x00000000c2b00000)
 Metaspace       used 5747K, capacity 6832K, committed 7040K, reserved 1056768K
  class space    used 583K, capacity 616K, committed 640K, reserved 1048576K
}

Deoptimization events (10 events):
Event: 54.692 Thread 0x0000000056598000 Uncommon trap: reason=bimorphic action=maybe_recompile pc=0x0000000002d20e3c method=com.android.dx.rop.code.RegisterSpec.getCategory()I @ 4
Event: 54.692 Thread 0x0000000056598000 Uncommon trap: reason=bimorphic action=maybe_recompile pc=0x0000000002d20e58 method=com.android.dx.rop.code.RegisterSpec.getCategory()I @ 4
Event: 54.692 Thread 0x0000000056598000 Uncommon trap: reason=bimorphic action=maybe_recompile pc=0x0000000002d20e3c method=com.android.dx.rop.code.RegisterSpec.getCategory()I @ 4
Event: 54.692 Thread 0x0000000056598000 Uncommon trap: reason=bimorphic action=maybe_recompile pc=0x0000000002cd0a60 method=com.android.dx.rop.code.RegisterSpec.getCategory()I @ 4
Event: 54.704 Thread 0x0000000056598000 Uncommon trap: reason=unstable_if action=reinterpret pc=0x0000000002ca50b8 method=com.android.dx.ssa.NormalSsaInsn.getLocalAssignment()Lcom/android/dx/rop/code/RegisterSpec; @ 12
Event: 54.704 Thread 0x0000000056598000 Uncommon trap: reason=unstable_if action=reinterpret pc=0x0000000002c6e218 method=com.android.dx.ssa.NormalSsaInsn.getLocalAssignment()Lcom/android/dx/rop/code/RegisterSpec; @ 12
Event: 54.704 Thread 0x0000000056598000 Uncommon trap: reason=unstable_if action=reinterpret pc=0x0000000002c64fe0 method=com.android.dx.ssa.NormalSsaInsn.getLocalAssignment()Lcom/android/dx/rop/code/RegisterSpec; @ 12
Event: 54.706 Thread 0x0000000056598000 Uncommon trap: reason=bimorphic action=maybe_recompile pc=0x0000000002cd7d5c method=com.android.dx.rop.code.RegisterSpec.hashCodeOf(ILcom/android/dx/rop/type/TypeBearer;Lcom/android/dx/rop/code/LocalItem;)I @ 18
Event: 54.707 Thread 0x0000000056598000 Uncommon trap: reason=bimorphic action=maybe_recompile pc=0x0000000002c703d4 method=com.android.dx.rop.code.RegisterSpec.equals(ILcom/android/dx/rop/type/TypeBearer;Lcom/android/dx/rop/code/LocalItem;)Z @ 13
Event: 54.707 Thread 0x0000000056598000 Uncommon trap: reason=bimorphic action=maybe_recompile pc=0x0000000002c703d4 method=com.android.dx.rop.code.RegisterSpec.equals(ILcom/android/dx/rop/type/TypeBearer;Lcom/android/dx/rop/code/LocalItem;)Z @ 13

Internal exceptions (2 events):
Event: 0.174 Thread 0x00000000021de800 Exception <a 'java/lang/NoSuchMethodError': Method sun.misc.Unsafe.defineClass(Ljava/lang/String;[BII)Ljava/lang/Class; name or signature does not match> (0x00000000eab07cc0) thrown at [D:\re\workspace\8-2-build-windows-amd64-cygwin\jdk8u77\6540\hotspot\srÙ	øóÊRÆ?
Event: 0.174 Thread 0x00000000021de800 Exception <a 'java/lang/NoSuchMethodError': Method sun.misc.Unsafe.prefetchRead(Ljava/lang/Object;J)V name or signature does not match> (0x00000000eab07fa8) thrown at [D:\re\workspace\8-2-build-windows-amd64-cygwin\jdk8u77\6540\hotspot\src\share\vm\prims\j

Events (10 events):
Event: 54.704 Thread 0x0000000056598000 DEOPT UNPACKING pc=0x000000000286582a sp=0x00000000576ee7f0 mode 2
Event: 54.706 Thread 0x0000000056598000 Uncommon trap: trap_request=0xffffffc6 fr.pc=0x0000000002cd7d5c
Event: 54.706 Thread 0x0000000056598000 DEOPT PACKING pc=0x0000000002cd7d5c sp=0x00000000576ee9c0
Event: 54.706 Thread 0x0000000056598000 DEOPT UNPACKING pc=0x000000000286582a sp=0x00000000576ee618 mode 2
Event: 54.707 Thread 0x0000000056598000 Uncommon trap: trap_request=0xffffffc6 fr.pc=0x0000000002c703d4
Event: 54.707 Thread 0x0000000056598000 DEOPT PACKING pc=0x0000000002c703d4 sp=0x00000000576ee680
Event: 54.707 Thread 0x0000000056598000 DEOPT UNPACKING pc=0x000000000286582a sp=0x00000000576ee4b8 mode 2
Event: 54.707 Thread 0x0000000056598000 Uncommon trap: trap_request=0xffffffc6 fr.pc=0x0000000002c703d4
Event: 54.707 Thread 0x0000000056598000 DEOPT PACKING pc=0x0000000002c703d4 sp=0x00000000576ee680
Event: 54.707 Thread 0x0000000056598000 DEOPT UNPACKING pc=0x000000000286582a sp=0x00000000576ee4b8 mode 2


Dynamic libraries:
0x000000013fa20000 - 0x000000013fa57000 	C:\Program Files\Java\jdk1.8.0_77\bin\java.exe
0x0000000077bc0000 - 0x0000000077d6a000 	C:\Windows\SYSTEM32\ntdll.dll
0x00000000779a0000 - 0x0000000077abf000 	C:\Windows\system32\kernel32.dll
0x000007fefda60000 - 0x000007fefdaca000 	C:\Windows\system32\KERNELBASE.dll
0x000007feff710000 - 0x000007feff7eb000 	C:\Windows\system32\ADVAPI32.dll
0x000007fefefe0000 - 0x000007feff07f000 	C:\Windows\system32\msvcrt.dll
0x000007feff080000 - 0x000007feff09f000 	C:\Windows\SYSTEM32\sechost.dll
0x000007feff7f0000 - 0x000007feff91d000 	C:\Windows\system32\RPCRT4.dll
0x0000000077ac0000 - 0x0000000077bba000 	C:\Windows\system32\USER32.dll
0x000007feffe00000 - 0x000007feffe67000 	C:\Windows\system32\GDI32.dll
0x000007feff0a0000 - 0x000007feff0ae000 	C:\Windows\system32\LPK.dll
0x000007feffbf0000 - 0x000007feffcba000 	C:\Windows\system32\USP10.dll
0x000007fefc080000 - 0x000007fefc274000 	C:\Windows\WinSxS\amd64_microsoft.windows.common-controls_6595b64144ccf1df_6.0.7601.18837_none_fa3b1e3d17594757\COMCTL32.dll
0x000007feff690000 - 0x000007feff701000 	C:\Windows\system32\SHLWAPI.dll
0x000007feffdd0000 - 0x000007feffdfe000 	C:\Windows\system32\IMM32.DLL
0x000007feffcc0000 - 0x000007feffdc9000 	C:\Windows\system32\MSCTF.dll
0x000000006b2b0000 - 0x000000006b382000 	C:\Program Files\Java\jdk1.8.0_77\jre\bin\msvcr100.dll
0x0000000068760000 - 0x0000000068ff0000 	C:\Program Files\Java\jdk1.8.0_77\jre\bin\server\jvm.dll
0x000007fef27c0000 - 0x000007fef27c9000 	C:\Windows\system32\WSOCK32.dll
0x000007fefdc60000 - 0x000007fefdcad000 	C:\Windows\system32\WS2_32.dll
0x000007feff680000 - 0x000007feff688000 	C:\Windows\system32\NSI.dll
0x000007fefb820000 - 0x000007fefb85b000 	C:\Windows\system32\WINMM.dll
0x000007fefc970000 - 0x000007fefc97c000 	C:\Windows\system32\VERSION.dll
0x0000000077d80000 - 0x0000000077d87000 	C:\Windows\system32\PSAPI.DLL
0x00000000749c0000 - 0x00000000749cf000 	C:\Program Files\Java\jdk1.8.0_77\jre\bin\verify.dll
0x000000006ccd0000 - 0x000000006ccf9000 	C:\Program Files\Java\jdk1.8.0_77\jre\bin\java.dll
0x00000000746e0000 - 0x00000000746f6000 	C:\Program Files\Java\jdk1.8.0_77\jre\bin\zip.dll
0x000007fefdd30000 - 0x000007fefeab9000 	C:\Windows\system32\SHELL32.dll
0x000007fefeac0000 - 0x000007fefecc3000 	C:\Windows\system32\ole32.dll
0x000007fefd8a0000 - 0x000007fefd8af000 	C:\Windows\system32\profapi.dll

VM Arguments:
jvm_args: -Djava.awt.headless=true -Xmx1024M -Dfile.encoding=windows-1256 -Duser.country=US -Duser.language=en -Duser.variant 
java_command: com.android.dx.command.Main --dex --num-threads=4 --output C:\Users\AL-Motahida\Downloads\Compressed\and-nd-firebase-1.00-starting-point\app\build\intermediates\transforms\preDex\release\0.jar --min-sdk-version 16 C:\Users\AL-Motahida\Downloads\Compressed\and-nd-firebase-1.00-starting-point\app\build\intermediates\classes\release
java_class_path (initial): D:\sdk\build-tools\27.0.3\lib\dx.jar
Launcher Type: SUN_STANDARD

Environment Variables:
PATH=C:\Ruby22-x64\bin;D:\oracal\OracleXE112_Win32\DISK1\setupFolder\app\oracle\product\11.2.0\server\bin;C:\ProgramData\Oracle\Java\javapath;C:\Windows\system32;C:\Windows;C:\Windows\System32\Wbem;C:\Windows\System32\WindowsPowerShell\v1.0\;C:\Program Files\Microsoft SQL Server\110\Tools\Binn\;C:\Program Files\Git\cmd
USERNAME=AL-Motahida
OS=Windows_NT
PROCESSOR_IDENTIFIER=Intel64 Family 6 Model 37 Stepping 5, GenuineIntel



---------------  S Y S T E M  ---------------

OS: Windows 7 , 64 bit Build 7601 (6.1.7601.23677)

CPU:total 4 (2 cores per cpu, 2 threads per core) family 6 model 37 stepping 5, cmov, cx8, fxsr, mmx, sse, sse2, sse3, ssse3, sse4.1, sse4.2, popcnt, aes, clmul, ht, tsc, tscinvbit

Memory: 4k page, physical 4118384k(356024k free), swap 16471676k(588k free)

vm_info: Java HotSpot(TM) 64-Bit Server VM (25.77-b03) for windows-amd64 JRE (1.8.0_77-b03), built on Mar 20 2016 22:01:33 by "java_re" with MS VC++ 10.0 (VS2010)

time: Thu Jun 21 19:40:35 2018
elapsed time: 54 seconds (0d 0h 0m 54s)

